2023/06/09 17:26:27 - mmengine - INFO - 
------------------------------------------------------------
System environment:
    sys.platform: linux
    Python: 3.8.16 (default, Mar  2 2023, 03:21:46) [GCC 11.2.0]
    CUDA available: True
    numpy_random_seed: 3407
    GPU 0: NVIDIA GeForce RTX 3090
    CUDA_HOME: /data/apps/cuda/11.1
    NVCC: Cuda compilation tools, release 11.1, V11.1.74
    GCC: gcc (GCC) 7.3.0
    PyTorch: 2.0.1+cu117
    PyTorch compiling details: PyTorch built with:
  - GCC 9.3
  - C++ Version: 201703
  - Intel(R) oneAPI Math Kernel Library Version 2022.2-Product Build 20220804 for Intel(R) 64 architecture applications
  - Intel(R) MKL-DNN v2.7.3 (Git Hash 6dbeffbae1f23cbbeae17adb7b5b13f1f37c080e)
  - OpenMP 201511 (a.k.a. OpenMP 4.5)
  - LAPACK is enabled (usually provided by MKL)
  - NNPACK is enabled
  - CPU capability usage: AVX2
  - CUDA Runtime 11.7
  - NVCC architecture flags: -gencode;arch=compute_37,code=sm_37;-gencode;arch=compute_50,code=sm_50;-gencode;arch=compute_60,code=sm_60;-gencode;arch=compute_70,code=sm_70;-gencode;arch=compute_75,code=sm_75;-gencode;arch=compute_80,code=sm_80;-gencode;arch=compute_86,code=sm_86
  - CuDNN 8.5
  - Magma 2.6.1
  - Build settings: BLAS_INFO=mkl, BUILD_TYPE=Release, CUDA_VERSION=11.7, CUDNN_VERSION=8.5.0, CXX_COMPILER=/opt/rh/devtoolset-9/root/usr/bin/c++, CXX_FLAGS= -D_GLIBCXX_USE_CXX11_ABI=0 -fabi-version=11 -Wno-deprecated -fvisibility-inlines-hidden -DUSE_PTHREADPOOL -DNDEBUG -DUSE_KINETO -DLIBKINETO_NOROCTRACER -DUSE_FBGEMM -DUSE_QNNPACK -DUSE_PYTORCH_QNNPACK -DUSE_XNNPACK -DSYMBOLICATE_MOBILE_DEBUG_HANDLE -O2 -fPIC -Wall -Wextra -Werror=return-type -Werror=non-virtual-dtor -Werror=bool-operation -Wnarrowing -Wno-missing-field-initializers -Wno-type-limits -Wno-array-bounds -Wno-unknown-pragmas -Wunused-local-typedefs -Wno-unused-parameter -Wno-unused-function -Wno-unused-result -Wno-strict-overflow -Wno-strict-aliasing -Wno-error=deprecated-declarations -Wno-stringop-overflow -Wno-psabi -Wno-error=pedantic -Wno-error=redundant-decls -Wno-error=old-style-cast -fdiagnostics-color=always -faligned-new -Wno-unused-but-set-variable -Wno-maybe-uninitialized -fno-math-errno -fno-trapping-math -Werror=format -Werror=cast-function-type -Wno-stringop-overflow, LAPACK_INFO=mkl, PERF_WITH_AVX=1, PERF_WITH_AVX2=1, PERF_WITH_AVX512=1, TORCH_DISABLE_GPU_ASSERTS=ON, TORCH_VERSION=2.0.1, USE_CUDA=ON, USE_CUDNN=ON, USE_EXCEPTION_PTR=1, USE_GFLAGS=OFF, USE_GLOG=OFF, USE_MKL=ON, USE_MKLDNN=ON, USE_MPI=OFF, USE_NCCL=1, USE_NNPACK=ON, USE_OPENMP=ON, USE_ROCM=OFF, 

    TorchVision: 0.15.2+cu117
    OpenCV: 4.7.0
    MMEngine: 0.7.4

Runtime environment:
    cudnn_benchmark: False
    mp_cfg: {'mp_start_method': 'fork', 'opencv_num_threads': 0}
    dist_cfg: {'backend': 'nccl'}
    seed: 3407
    deterministic: False
    Distributed launcher: none
    Distributed training: False
    GPU number: 1
------------------------------------------------------------

2023/06/09 17:26:27 - mmengine - INFO - Config:
model = dict(
    type='ImageClassifier',
    backbone=dict(
        type='ResNet',
        depth=50,
        num_stages=4,
        out_indices=(3, ),
        style='pytorch'),
    neck=dict(type='GlobalAveragePooling'),
    head=dict(
        type='LinearClsHead',
        num_classes=30,
        in_channels=2048,
        loss=dict(type='CrossEntropyLoss', loss_weight=1.0),
        topk=(1, 5)),
    train_cfg=dict(
        augments=[
            dict(type='Mixup', alpha=0.7),
            dict(type='CutMix', alpha=1.0)
        ],
        probs=[0.3, 0.7]),
    init_cfg=dict(
        type='Pretrained',
        checkpoint='checkpoint/resnet50_8xb32_in1k_20210831-ea4938fc.pth'))
dataset_type = 'CustomDataset'
dataset_root = 'data/fruit-30'
data_preprocessor = dict(
    num_classes=30,
    mean=[0.43706022, 0.56941104, 0.65829831],
    std=[0.26386994, 0.23573034, 0.22187396],
    to_rgb=True)
view_pipeline = [
    dict(type='RandomResizedCrop', scale=224, backend='pillow'),
    dict(type='RandomFlip', prob=0.5),
    dict(
        type='RandomApply',
        transforms=[
            dict(
                type='ColorJitter',
                brightness=0.8,
                contrast=0.8,
                saturation=0.8,
                hue=0.2)
        ],
        prob=0.8),
    dict(
        type='RandomGrayscale',
        prob=0.2,
        keep_channels=True,
        channel_weights=(0.114, 0.587, 0.2989)),
    dict(
        type='GaussianBlur',
        magnitude_range=(0.1, 2.0),
        magnitude_std='inf',
        prob=0.5)
]
train_pipeline = [
    dict(type='LoadImageFromFile'),
    dict(type='RandomResizedCrop', scale=224),
    dict(
        type='RandomFlip',
        prob=[0.5, 0.5],
        direction=['horizontal', 'vertical']),
    dict(
        type='RandomApply',
        transforms=[
            dict(
                type='ColorJitter',
                brightness=0.8,
                contrast=0.8,
                saturation=0.8,
                hue=0.2)
        ],
        prob=0.8),
    dict(
        type='RandomGrayscale',
        prob=0.2,
        keep_channels=True,
        channel_weights=(0.114, 0.587, 0.2989)),
    dict(
        type='GaussianBlur',
        magnitude_range=(0.1, 2.0),
        magnitude_std='inf',
        prob=0.5),
    dict(type='PackInputs')
]
test_pipeline = [
    dict(type='LoadImageFromFile'),
    dict(type='ResizeEdge', scale=256, edge='short'),
    dict(type='CenterCrop', crop_size=224),
    dict(type='PackInputs')
]
train_dataloader = dict(
    pin_memory=True,
    persistent_workers=True,
    collate_fn=dict(type='default_collate'),
    batch_size=256,
    num_workers=4,
    dataset=dict(
        type='CustomDataset',
        data_root='data/fruit-30/train',
        pipeline=[
            dict(type='LoadImageFromFile'),
            dict(type='RandomResizedCrop', scale=224),
            dict(
                type='RandomFlip',
                prob=[0.5, 0.5],
                direction=['horizontal', 'vertical']),
            dict(
                type='RandomApply',
                transforms=[
                    dict(
                        type='ColorJitter',
                        brightness=0.8,
                        contrast=0.8,
                        saturation=0.8,
                        hue=0.2)
                ],
                prob=0.8),
            dict(
                type='RandomGrayscale',
                prob=0.2,
                keep_channels=True,
                channel_weights=(0.114, 0.587, 0.2989)),
            dict(
                type='GaussianBlur',
                magnitude_range=(0.1, 2.0),
                magnitude_std='inf',
                prob=0.5),
            dict(type='PackInputs')
        ]),
    sampler=dict(type='DefaultSampler', shuffle=True))
val_dataloader = dict(
    pin_memory=True,
    persistent_workers=True,
    collate_fn=dict(type='default_collate'),
    batch_size=256,
    num_workers=4,
    dataset=dict(
        type='CustomDataset',
        data_root='data/fruit-30/val',
        pipeline=[
            dict(type='LoadImageFromFile'),
            dict(type='ResizeEdge', scale=256, edge='short'),
            dict(type='CenterCrop', crop_size=224),
            dict(type='PackInputs')
        ]),
    sampler=dict(type='DefaultSampler', shuffle=False))
val_evaluator = dict(type='Accuracy', topk=(1, 5))
test_dataloader = dict(
    pin_memory=True,
    persistent_workers=True,
    collate_fn=dict(type='default_collate'),
    batch_size=256,
    num_workers=4,
    dataset=dict(
        type='CustomDataset',
        data_root='data/fruit-30/val',
        pipeline=[
            dict(type='LoadImageFromFile'),
            dict(type='ResizeEdge', scale=256, edge='short'),
            dict(type='CenterCrop', crop_size=224),
            dict(type='PackInputs')
        ]),
    sampler=dict(type='DefaultSampler', shuffle=False))
test_evaluator = dict(type='Accuracy', topk=(1, 5))
optim_wrapper = dict(
    optimizer=dict(type='SGD', lr=0.05, momentum=0.9, weight_decay=0.0001))
param_scheduler = dict(
    type='CosineAnnealingLR', T_max=100, by_epoch=True, begin=0, end=100)
train_cfg = dict(by_epoch=True, max_epochs=100, val_interval=1)
val_cfg = dict()
test_cfg = dict()
auto_scale_lr = dict(base_batch_size=256)
default_scope = 'mmpretrain'
default_hooks = dict(
    timer=dict(type='IterTimerHook'),
    logger=dict(type='LoggerHook', interval=100),
    param_scheduler=dict(type='ParamSchedulerHook'),
    checkpoint=dict(
        type='CheckpointHook',
        interval=-1,
        save_best='accuracy/top1',
        by_epoch=True),
    sampler_seed=dict(type='DistSamplerSeedHook'),
    visualization=dict(type='VisualizationHook', enable=False))
env_cfg = dict(
    cudnn_benchmark=False,
    mp_cfg=dict(mp_start_method='fork', opencv_num_threads=0),
    dist_cfg=dict(backend='nccl'))
vis_backends = [dict(type='LocalVisBackend')]
visualizer = dict(
    type='UniversalVisualizer', vis_backends=[dict(type='LocalVisBackend')])
log_level = 'INFO'
load_from = None
resume = False
randomness = dict(seed=3407, deterministic=False)
work_dir = 'work_dir/resnet50/resnet50_1xb256_coslr-100e_fruit-30'
launcher = 'none'

2023/06/09 17:26:47 - mmengine - INFO - Because batch augmentations are enabled, the data preprocessor automatically enables the `to_onehot` option to generate one-hot format labels.
2023/06/09 17:26:53 - mmengine - INFO - Distributed training is not used, all SyncBatchNorm (SyncBN) layers in the model will be automatically reverted to BatchNormXd layers if they are used.
2023/06/09 17:26:54 - mmengine - INFO - Hooks will be executed in the following order:
before_run:
(VERY_HIGH   ) RuntimeInfoHook                    
(BELOW_NORMAL) LoggerHook                         
 -------------------- 
before_train:
(VERY_HIGH   ) RuntimeInfoHook                    
(NORMAL      ) IterTimerHook                      
(VERY_LOW    ) CheckpointHook                     
 -------------------- 
before_train_epoch:
(VERY_HIGH   ) RuntimeInfoHook                    
(NORMAL      ) IterTimerHook                      
(NORMAL      ) DistSamplerSeedHook                
 -------------------- 
before_train_iter:
(VERY_HIGH   ) RuntimeInfoHook                    
(NORMAL      ) IterTimerHook                      
 -------------------- 
after_train_iter:
(VERY_HIGH   ) RuntimeInfoHook                    
(NORMAL      ) IterTimerHook                      
(BELOW_NORMAL) LoggerHook                         
(LOW         ) ParamSchedulerHook                 
(VERY_LOW    ) CheckpointHook                     
 -------------------- 
after_train_epoch:
(NORMAL      ) IterTimerHook                      
(LOW         ) ParamSchedulerHook                 
(VERY_LOW    ) CheckpointHook                     
 -------------------- 
before_val_epoch:
(NORMAL      ) IterTimerHook                      
 -------------------- 
before_val_iter:
(NORMAL      ) IterTimerHook                      
 -------------------- 
after_val_iter:
(NORMAL      ) IterTimerHook                      
(NORMAL      ) VisualizationHook                  
(BELOW_NORMAL) LoggerHook                         
 -------------------- 
after_val_epoch:
(VERY_HIGH   ) RuntimeInfoHook                    
(NORMAL      ) IterTimerHook                      
(BELOW_NORMAL) LoggerHook                         
(LOW         ) ParamSchedulerHook                 
(VERY_LOW    ) CheckpointHook                     
 -------------------- 
after_train:
(VERY_LOW    ) CheckpointHook                     
 -------------------- 
before_test_epoch:
(NORMAL      ) IterTimerHook                      
 -------------------- 
before_test_iter:
(NORMAL      ) IterTimerHook                      
 -------------------- 
after_test_iter:
(NORMAL      ) IterTimerHook                      
(NORMAL      ) VisualizationHook                  
(BELOW_NORMAL) LoggerHook                         
 -------------------- 
after_test_epoch:
(VERY_HIGH   ) RuntimeInfoHook                    
(NORMAL      ) IterTimerHook                      
(BELOW_NORMAL) LoggerHook                         
 -------------------- 
after_run:
(BELOW_NORMAL) LoggerHook                         
 -------------------- 
2023/06/09 17:26:55 - mmengine - INFO - load model from: checkpoint/resnet50_8xb32_in1k_20210831-ea4938fc.pth
2023/06/09 17:26:55 - mmengine - INFO - Loads checkpoint by local backend from path: checkpoint/resnet50_8xb32_in1k_20210831-ea4938fc.pth
2023/06/09 17:26:55 - mmengine - WARNING - The model and loaded state dict do not match exactly

size mismatch for head.fc.weight: copying a param with shape torch.Size([1000, 2048]) from checkpoint, the shape in current model is torch.Size([30, 2048]).
size mismatch for head.fc.bias: copying a param with shape torch.Size([1000]) from checkpoint, the shape in current model is torch.Size([30]).
Name of parameter - Initialization information

backbone.conv1.weight - torch.Size([64, 3, 7, 7]): 
PretrainedInit: load from checkpoint/resnet50_8xb32_in1k_20210831-ea4938fc.pth 

backbone.bn1.weight - torch.Size([64]): 
PretrainedInit: load from checkpoint/resnet50_8xb32_in1k_20210831-ea4938fc.pth 

backbone.bn1.bias - torch.Size([64]): 
PretrainedInit: load from checkpoint/resnet50_8xb32_in1k_20210831-ea4938fc.pth 

backbone.layer1.0.conv1.weight - torch.Size([64, 64, 1, 1]): 
PretrainedInit: load from checkpoint/resnet50_8xb32_in1k_20210831-ea4938fc.pth 

backbone.layer1.0.bn1.weight - torch.Size([64]): 
PretrainedInit: load from checkpoint/resnet50_8xb32_in1k_20210831-ea4938fc.pth 

backbone.layer1.0.bn1.bias - torch.Size([64]): 
PretrainedInit: load from checkpoint/resnet50_8xb32_in1k_20210831-ea4938fc.pth 

backbone.layer1.0.conv2.weight - torch.Size([64, 64, 3, 3]): 
PretrainedInit: load from checkpoint/resnet50_8xb32_in1k_20210831-ea4938fc.pth 

backbone.layer1.0.bn2.weight - torch.Size([64]): 
PretrainedInit: load from checkpoint/resnet50_8xb32_in1k_20210831-ea4938fc.pth 

backbone.layer1.0.bn2.bias - torch.Size([64]): 
PretrainedInit: load from checkpoint/resnet50_8xb32_in1k_20210831-ea4938fc.pth 

backbone.layer1.0.conv3.weight - torch.Size([256, 64, 1, 1]): 
PretrainedInit: load from checkpoint/resnet50_8xb32_in1k_20210831-ea4938fc.pth 

backbone.layer1.0.bn3.weight - torch.Size([256]): 
PretrainedInit: load from checkpoint/resnet50_8xb32_in1k_20210831-ea4938fc.pth 

backbone.layer1.0.bn3.bias - torch.Size([256]): 
PretrainedInit: load from checkpoint/resnet50_8xb32_in1k_20210831-ea4938fc.pth 

backbone.layer1.0.downsample.0.weight - torch.Size([256, 64, 1, 1]): 
PretrainedInit: load from checkpoint/resnet50_8xb32_in1k_20210831-ea4938fc.pth 

backbone.layer1.0.downsample.1.weight - torch.Size([256]): 
PretrainedInit: load from checkpoint/resnet50_8xb32_in1k_20210831-ea4938fc.pth 

backbone.layer1.0.downsample.1.bias - torch.Size([256]): 
PretrainedInit: load from checkpoint/resnet50_8xb32_in1k_20210831-ea4938fc.pth 

backbone.layer1.1.conv1.weight - torch.Size([64, 256, 1, 1]): 
PretrainedInit: load from checkpoint/resnet50_8xb32_in1k_20210831-ea4938fc.pth 

backbone.layer1.1.bn1.weight - torch.Size([64]): 
PretrainedInit: load from checkpoint/resnet50_8xb32_in1k_20210831-ea4938fc.pth 

backbone.layer1.1.bn1.bias - torch.Size([64]): 
PretrainedInit: load from checkpoint/resnet50_8xb32_in1k_20210831-ea4938fc.pth 

backbone.layer1.1.conv2.weight - torch.Size([64, 64, 3, 3]): 
PretrainedInit: load from checkpoint/resnet50_8xb32_in1k_20210831-ea4938fc.pth 

backbone.layer1.1.bn2.weight - torch.Size([64]): 
PretrainedInit: load from checkpoint/resnet50_8xb32_in1k_20210831-ea4938fc.pth 

backbone.layer1.1.bn2.bias - torch.Size([64]): 
PretrainedInit: load from checkpoint/resnet50_8xb32_in1k_20210831-ea4938fc.pth 

backbone.layer1.1.conv3.weight - torch.Size([256, 64, 1, 1]): 
PretrainedInit: load from checkpoint/resnet50_8xb32_in1k_20210831-ea4938fc.pth 

backbone.layer1.1.bn3.weight - torch.Size([256]): 
PretrainedInit: load from checkpoint/resnet50_8xb32_in1k_20210831-ea4938fc.pth 

backbone.layer1.1.bn3.bias - torch.Size([256]): 
PretrainedInit: load from checkpoint/resnet50_8xb32_in1k_20210831-ea4938fc.pth 

backbone.layer1.2.conv1.weight - torch.Size([64, 256, 1, 1]): 
PretrainedInit: load from checkpoint/resnet50_8xb32_in1k_20210831-ea4938fc.pth 

backbone.layer1.2.bn1.weight - torch.Size([64]): 
PretrainedInit: load from checkpoint/resnet50_8xb32_in1k_20210831-ea4938fc.pth 

backbone.layer1.2.bn1.bias - torch.Size([64]): 
PretrainedInit: load from checkpoint/resnet50_8xb32_in1k_20210831-ea4938fc.pth 

backbone.layer1.2.conv2.weight - torch.Size([64, 64, 3, 3]): 
PretrainedInit: load from checkpoint/resnet50_8xb32_in1k_20210831-ea4938fc.pth 

backbone.layer1.2.bn2.weight - torch.Size([64]): 
PretrainedInit: load from checkpoint/resnet50_8xb32_in1k_20210831-ea4938fc.pth 

backbone.layer1.2.bn2.bias - torch.Size([64]): 
PretrainedInit: load from checkpoint/resnet50_8xb32_in1k_20210831-ea4938fc.pth 

backbone.layer1.2.conv3.weight - torch.Size([256, 64, 1, 1]): 
PretrainedInit: load from checkpoint/resnet50_8xb32_in1k_20210831-ea4938fc.pth 

backbone.layer1.2.bn3.weight - torch.Size([256]): 
PretrainedInit: load from checkpoint/resnet50_8xb32_in1k_20210831-ea4938fc.pth 

backbone.layer1.2.bn3.bias - torch.Size([256]): 
PretrainedInit: load from checkpoint/resnet50_8xb32_in1k_20210831-ea4938fc.pth 

backbone.layer2.0.conv1.weight - torch.Size([128, 256, 1, 1]): 
PretrainedInit: load from checkpoint/resnet50_8xb32_in1k_20210831-ea4938fc.pth 

backbone.layer2.0.bn1.weight - torch.Size([128]): 
PretrainedInit: load from checkpoint/resnet50_8xb32_in1k_20210831-ea4938fc.pth 

backbone.layer2.0.bn1.bias - torch.Size([128]): 
PretrainedInit: load from checkpoint/resnet50_8xb32_in1k_20210831-ea4938fc.pth 

backbone.layer2.0.conv2.weight - torch.Size([128, 128, 3, 3]): 
PretrainedInit: load from checkpoint/resnet50_8xb32_in1k_20210831-ea4938fc.pth 

backbone.layer2.0.bn2.weight - torch.Size([128]): 
PretrainedInit: load from checkpoint/resnet50_8xb32_in1k_20210831-ea4938fc.pth 

backbone.layer2.0.bn2.bias - torch.Size([128]): 
PretrainedInit: load from checkpoint/resnet50_8xb32_in1k_20210831-ea4938fc.pth 

backbone.layer2.0.conv3.weight - torch.Size([512, 128, 1, 1]): 
PretrainedInit: load from checkpoint/resnet50_8xb32_in1k_20210831-ea4938fc.pth 

backbone.layer2.0.bn3.weight - torch.Size([512]): 
PretrainedInit: load from checkpoint/resnet50_8xb32_in1k_20210831-ea4938fc.pth 

backbone.layer2.0.bn3.bias - torch.Size([512]): 
PretrainedInit: load from checkpoint/resnet50_8xb32_in1k_20210831-ea4938fc.pth 

backbone.layer2.0.downsample.0.weight - torch.Size([512, 256, 1, 1]): 
PretrainedInit: load from checkpoint/resnet50_8xb32_in1k_20210831-ea4938fc.pth 

backbone.layer2.0.downsample.1.weight - torch.Size([512]): 
PretrainedInit: load from checkpoint/resnet50_8xb32_in1k_20210831-ea4938fc.pth 

backbone.layer2.0.downsample.1.bias - torch.Size([512]): 
PretrainedInit: load from checkpoint/resnet50_8xb32_in1k_20210831-ea4938fc.pth 

backbone.layer2.1.conv1.weight - torch.Size([128, 512, 1, 1]): 
PretrainedInit: load from checkpoint/resnet50_8xb32_in1k_20210831-ea4938fc.pth 

backbone.layer2.1.bn1.weight - torch.Size([128]): 
PretrainedInit: load from checkpoint/resnet50_8xb32_in1k_20210831-ea4938fc.pth 

backbone.layer2.1.bn1.bias - torch.Size([128]): 
PretrainedInit: load from checkpoint/resnet50_8xb32_in1k_20210831-ea4938fc.pth 

backbone.layer2.1.conv2.weight - torch.Size([128, 128, 3, 3]): 
PretrainedInit: load from checkpoint/resnet50_8xb32_in1k_20210831-ea4938fc.pth 

backbone.layer2.1.bn2.weight - torch.Size([128]): 
PretrainedInit: load from checkpoint/resnet50_8xb32_in1k_20210831-ea4938fc.pth 

backbone.layer2.1.bn2.bias - torch.Size([128]): 
PretrainedInit: load from checkpoint/resnet50_8xb32_in1k_20210831-ea4938fc.pth 

backbone.layer2.1.conv3.weight - torch.Size([512, 128, 1, 1]): 
PretrainedInit: load from checkpoint/resnet50_8xb32_in1k_20210831-ea4938fc.pth 

backbone.layer2.1.bn3.weight - torch.Size([512]): 
PretrainedInit: load from checkpoint/resnet50_8xb32_in1k_20210831-ea4938fc.pth 

backbone.layer2.1.bn3.bias - torch.Size([512]): 
PretrainedInit: load from checkpoint/resnet50_8xb32_in1k_20210831-ea4938fc.pth 

backbone.layer2.2.conv1.weight - torch.Size([128, 512, 1, 1]): 
PretrainedInit: load from checkpoint/resnet50_8xb32_in1k_20210831-ea4938fc.pth 

backbone.layer2.2.bn1.weight - torch.Size([128]): 
PretrainedInit: load from checkpoint/resnet50_8xb32_in1k_20210831-ea4938fc.pth 

backbone.layer2.2.bn1.bias - torch.Size([128]): 
PretrainedInit: load from checkpoint/resnet50_8xb32_in1k_20210831-ea4938fc.pth 

backbone.layer2.2.conv2.weight - torch.Size([128, 128, 3, 3]): 
PretrainedInit: load from checkpoint/resnet50_8xb32_in1k_20210831-ea4938fc.pth 

backbone.layer2.2.bn2.weight - torch.Size([128]): 
PretrainedInit: load from checkpoint/resnet50_8xb32_in1k_20210831-ea4938fc.pth 

backbone.layer2.2.bn2.bias - torch.Size([128]): 
PretrainedInit: load from checkpoint/resnet50_8xb32_in1k_20210831-ea4938fc.pth 

backbone.layer2.2.conv3.weight - torch.Size([512, 128, 1, 1]): 
PretrainedInit: load from checkpoint/resnet50_8xb32_in1k_20210831-ea4938fc.pth 

backbone.layer2.2.bn3.weight - torch.Size([512]): 
PretrainedInit: load from checkpoint/resnet50_8xb32_in1k_20210831-ea4938fc.pth 

backbone.layer2.2.bn3.bias - torch.Size([512]): 
PretrainedInit: load from checkpoint/resnet50_8xb32_in1k_20210831-ea4938fc.pth 

backbone.layer2.3.conv1.weight - torch.Size([128, 512, 1, 1]): 
PretrainedInit: load from checkpoint/resnet50_8xb32_in1k_20210831-ea4938fc.pth 

backbone.layer2.3.bn1.weight - torch.Size([128]): 
PretrainedInit: load from checkpoint/resnet50_8xb32_in1k_20210831-ea4938fc.pth 

backbone.layer2.3.bn1.bias - torch.Size([128]): 
PretrainedInit: load from checkpoint/resnet50_8xb32_in1k_20210831-ea4938fc.pth 

backbone.layer2.3.conv2.weight - torch.Size([128, 128, 3, 3]): 
PretrainedInit: load from checkpoint/resnet50_8xb32_in1k_20210831-ea4938fc.pth 

backbone.layer2.3.bn2.weight - torch.Size([128]): 
PretrainedInit: load from checkpoint/resnet50_8xb32_in1k_20210831-ea4938fc.pth 

backbone.layer2.3.bn2.bias - torch.Size([128]): 
PretrainedInit: load from checkpoint/resnet50_8xb32_in1k_20210831-ea4938fc.pth 

backbone.layer2.3.conv3.weight - torch.Size([512, 128, 1, 1]): 
PretrainedInit: load from checkpoint/resnet50_8xb32_in1k_20210831-ea4938fc.pth 

backbone.layer2.3.bn3.weight - torch.Size([512]): 
PretrainedInit: load from checkpoint/resnet50_8xb32_in1k_20210831-ea4938fc.pth 

backbone.layer2.3.bn3.bias - torch.Size([512]): 
PretrainedInit: load from checkpoint/resnet50_8xb32_in1k_20210831-ea4938fc.pth 

backbone.layer3.0.conv1.weight - torch.Size([256, 512, 1, 1]): 
PretrainedInit: load from checkpoint/resnet50_8xb32_in1k_20210831-ea4938fc.pth 

backbone.layer3.0.bn1.weight - torch.Size([256]): 
PretrainedInit: load from checkpoint/resnet50_8xb32_in1k_20210831-ea4938fc.pth 

backbone.layer3.0.bn1.bias - torch.Size([256]): 
PretrainedInit: load from checkpoint/resnet50_8xb32_in1k_20210831-ea4938fc.pth 

backbone.layer3.0.conv2.weight - torch.Size([256, 256, 3, 3]): 
PretrainedInit: load from checkpoint/resnet50_8xb32_in1k_20210831-ea4938fc.pth 

backbone.layer3.0.bn2.weight - torch.Size([256]): 
PretrainedInit: load from checkpoint/resnet50_8xb32_in1k_20210831-ea4938fc.pth 

backbone.layer3.0.bn2.bias - torch.Size([256]): 
PretrainedInit: load from checkpoint/resnet50_8xb32_in1k_20210831-ea4938fc.pth 

backbone.layer3.0.conv3.weight - torch.Size([1024, 256, 1, 1]): 
PretrainedInit: load from checkpoint/resnet50_8xb32_in1k_20210831-ea4938fc.pth 

backbone.layer3.0.bn3.weight - torch.Size([1024]): 
PretrainedInit: load from checkpoint/resnet50_8xb32_in1k_20210831-ea4938fc.pth 

backbone.layer3.0.bn3.bias - torch.Size([1024]): 
PretrainedInit: load from checkpoint/resnet50_8xb32_in1k_20210831-ea4938fc.pth 

backbone.layer3.0.downsample.0.weight - torch.Size([1024, 512, 1, 1]): 
PretrainedInit: load from checkpoint/resnet50_8xb32_in1k_20210831-ea4938fc.pth 

backbone.layer3.0.downsample.1.weight - torch.Size([1024]): 
PretrainedInit: load from checkpoint/resnet50_8xb32_in1k_20210831-ea4938fc.pth 

backbone.layer3.0.downsample.1.bias - torch.Size([1024]): 
PretrainedInit: load from checkpoint/resnet50_8xb32_in1k_20210831-ea4938fc.pth 

backbone.layer3.1.conv1.weight - torch.Size([256, 1024, 1, 1]): 
PretrainedInit: load from checkpoint/resnet50_8xb32_in1k_20210831-ea4938fc.pth 

backbone.layer3.1.bn1.weight - torch.Size([256]): 
PretrainedInit: load from checkpoint/resnet50_8xb32_in1k_20210831-ea4938fc.pth 

backbone.layer3.1.bn1.bias - torch.Size([256]): 
PretrainedInit: load from checkpoint/resnet50_8xb32_in1k_20210831-ea4938fc.pth 

backbone.layer3.1.conv2.weight - torch.Size([256, 256, 3, 3]): 
PretrainedInit: load from checkpoint/resnet50_8xb32_in1k_20210831-ea4938fc.pth 

backbone.layer3.1.bn2.weight - torch.Size([256]): 
PretrainedInit: load from checkpoint/resnet50_8xb32_in1k_20210831-ea4938fc.pth 

backbone.layer3.1.bn2.bias - torch.Size([256]): 
PretrainedInit: load from checkpoint/resnet50_8xb32_in1k_20210831-ea4938fc.pth 

backbone.layer3.1.conv3.weight - torch.Size([1024, 256, 1, 1]): 
PretrainedInit: load from checkpoint/resnet50_8xb32_in1k_20210831-ea4938fc.pth 

backbone.layer3.1.bn3.weight - torch.Size([1024]): 
PretrainedInit: load from checkpoint/resnet50_8xb32_in1k_20210831-ea4938fc.pth 

backbone.layer3.1.bn3.bias - torch.Size([1024]): 
PretrainedInit: load from checkpoint/resnet50_8xb32_in1k_20210831-ea4938fc.pth 

backbone.layer3.2.conv1.weight - torch.Size([256, 1024, 1, 1]): 
PretrainedInit: load from checkpoint/resnet50_8xb32_in1k_20210831-ea4938fc.pth 

backbone.layer3.2.bn1.weight - torch.Size([256]): 
PretrainedInit: load from checkpoint/resnet50_8xb32_in1k_20210831-ea4938fc.pth 

backbone.layer3.2.bn1.bias - torch.Size([256]): 
PretrainedInit: load from checkpoint/resnet50_8xb32_in1k_20210831-ea4938fc.pth 

backbone.layer3.2.conv2.weight - torch.Size([256, 256, 3, 3]): 
PretrainedInit: load from checkpoint/resnet50_8xb32_in1k_20210831-ea4938fc.pth 

backbone.layer3.2.bn2.weight - torch.Size([256]): 
PretrainedInit: load from checkpoint/resnet50_8xb32_in1k_20210831-ea4938fc.pth 

backbone.layer3.2.bn2.bias - torch.Size([256]): 
PretrainedInit: load from checkpoint/resnet50_8xb32_in1k_20210831-ea4938fc.pth 

backbone.layer3.2.conv3.weight - torch.Size([1024, 256, 1, 1]): 
PretrainedInit: load from checkpoint/resnet50_8xb32_in1k_20210831-ea4938fc.pth 

backbone.layer3.2.bn3.weight - torch.Size([1024]): 
PretrainedInit: load from checkpoint/resnet50_8xb32_in1k_20210831-ea4938fc.pth 

backbone.layer3.2.bn3.bias - torch.Size([1024]): 
PretrainedInit: load from checkpoint/resnet50_8xb32_in1k_20210831-ea4938fc.pth 

backbone.layer3.3.conv1.weight - torch.Size([256, 1024, 1, 1]): 
PretrainedInit: load from checkpoint/resnet50_8xb32_in1k_20210831-ea4938fc.pth 

backbone.layer3.3.bn1.weight - torch.Size([256]): 
PretrainedInit: load from checkpoint/resnet50_8xb32_in1k_20210831-ea4938fc.pth 

backbone.layer3.3.bn1.bias - torch.Size([256]): 
PretrainedInit: load from checkpoint/resnet50_8xb32_in1k_20210831-ea4938fc.pth 

backbone.layer3.3.conv2.weight - torch.Size([256, 256, 3, 3]): 
PretrainedInit: load from checkpoint/resnet50_8xb32_in1k_20210831-ea4938fc.pth 

backbone.layer3.3.bn2.weight - torch.Size([256]): 
PretrainedInit: load from checkpoint/resnet50_8xb32_in1k_20210831-ea4938fc.pth 

backbone.layer3.3.bn2.bias - torch.Size([256]): 
PretrainedInit: load from checkpoint/resnet50_8xb32_in1k_20210831-ea4938fc.pth 

backbone.layer3.3.conv3.weight - torch.Size([1024, 256, 1, 1]): 
PretrainedInit: load from checkpoint/resnet50_8xb32_in1k_20210831-ea4938fc.pth 

backbone.layer3.3.bn3.weight - torch.Size([1024]): 
PretrainedInit: load from checkpoint/resnet50_8xb32_in1k_20210831-ea4938fc.pth 

backbone.layer3.3.bn3.bias - torch.Size([1024]): 
PretrainedInit: load from checkpoint/resnet50_8xb32_in1k_20210831-ea4938fc.pth 

backbone.layer3.4.conv1.weight - torch.Size([256, 1024, 1, 1]): 
PretrainedInit: load from checkpoint/resnet50_8xb32_in1k_20210831-ea4938fc.pth 

backbone.layer3.4.bn1.weight - torch.Size([256]): 
PretrainedInit: load from checkpoint/resnet50_8xb32_in1k_20210831-ea4938fc.pth 

backbone.layer3.4.bn1.bias - torch.Size([256]): 
PretrainedInit: load from checkpoint/resnet50_8xb32_in1k_20210831-ea4938fc.pth 

backbone.layer3.4.conv2.weight - torch.Size([256, 256, 3, 3]): 
PretrainedInit: load from checkpoint/resnet50_8xb32_in1k_20210831-ea4938fc.pth 

backbone.layer3.4.bn2.weight - torch.Size([256]): 
PretrainedInit: load from checkpoint/resnet50_8xb32_in1k_20210831-ea4938fc.pth 

backbone.layer3.4.bn2.bias - torch.Size([256]): 
PretrainedInit: load from checkpoint/resnet50_8xb32_in1k_20210831-ea4938fc.pth 

backbone.layer3.4.conv3.weight - torch.Size([1024, 256, 1, 1]): 
PretrainedInit: load from checkpoint/resnet50_8xb32_in1k_20210831-ea4938fc.pth 

backbone.layer3.4.bn3.weight - torch.Size([1024]): 
PretrainedInit: load from checkpoint/resnet50_8xb32_in1k_20210831-ea4938fc.pth 

backbone.layer3.4.bn3.bias - torch.Size([1024]): 
PretrainedInit: load from checkpoint/resnet50_8xb32_in1k_20210831-ea4938fc.pth 

backbone.layer3.5.conv1.weight - torch.Size([256, 1024, 1, 1]): 
PretrainedInit: load from checkpoint/resnet50_8xb32_in1k_20210831-ea4938fc.pth 

backbone.layer3.5.bn1.weight - torch.Size([256]): 
PretrainedInit: load from checkpoint/resnet50_8xb32_in1k_20210831-ea4938fc.pth 

backbone.layer3.5.bn1.bias - torch.Size([256]): 
PretrainedInit: load from checkpoint/resnet50_8xb32_in1k_20210831-ea4938fc.pth 

backbone.layer3.5.conv2.weight - torch.Size([256, 256, 3, 3]): 
PretrainedInit: load from checkpoint/resnet50_8xb32_in1k_20210831-ea4938fc.pth 

backbone.layer3.5.bn2.weight - torch.Size([256]): 
PretrainedInit: load from checkpoint/resnet50_8xb32_in1k_20210831-ea4938fc.pth 

backbone.layer3.5.bn2.bias - torch.Size([256]): 
PretrainedInit: load from checkpoint/resnet50_8xb32_in1k_20210831-ea4938fc.pth 

backbone.layer3.5.conv3.weight - torch.Size([1024, 256, 1, 1]): 
PretrainedInit: load from checkpoint/resnet50_8xb32_in1k_20210831-ea4938fc.pth 

backbone.layer3.5.bn3.weight - torch.Size([1024]): 
PretrainedInit: load from checkpoint/resnet50_8xb32_in1k_20210831-ea4938fc.pth 

backbone.layer3.5.bn3.bias - torch.Size([1024]): 
PretrainedInit: load from checkpoint/resnet50_8xb32_in1k_20210831-ea4938fc.pth 

backbone.layer4.0.conv1.weight - torch.Size([512, 1024, 1, 1]): 
PretrainedInit: load from checkpoint/resnet50_8xb32_in1k_20210831-ea4938fc.pth 

backbone.layer4.0.bn1.weight - torch.Size([512]): 
PretrainedInit: load from checkpoint/resnet50_8xb32_in1k_20210831-ea4938fc.pth 

backbone.layer4.0.bn1.bias - torch.Size([512]): 
PretrainedInit: load from checkpoint/resnet50_8xb32_in1k_20210831-ea4938fc.pth 

backbone.layer4.0.conv2.weight - torch.Size([512, 512, 3, 3]): 
PretrainedInit: load from checkpoint/resnet50_8xb32_in1k_20210831-ea4938fc.pth 

backbone.layer4.0.bn2.weight - torch.Size([512]): 
PretrainedInit: load from checkpoint/resnet50_8xb32_in1k_20210831-ea4938fc.pth 

backbone.layer4.0.bn2.bias - torch.Size([512]): 
PretrainedInit: load from checkpoint/resnet50_8xb32_in1k_20210831-ea4938fc.pth 

backbone.layer4.0.conv3.weight - torch.Size([2048, 512, 1, 1]): 
PretrainedInit: load from checkpoint/resnet50_8xb32_in1k_20210831-ea4938fc.pth 

backbone.layer4.0.bn3.weight - torch.Size([2048]): 
PretrainedInit: load from checkpoint/resnet50_8xb32_in1k_20210831-ea4938fc.pth 

backbone.layer4.0.bn3.bias - torch.Size([2048]): 
PretrainedInit: load from checkpoint/resnet50_8xb32_in1k_20210831-ea4938fc.pth 

backbone.layer4.0.downsample.0.weight - torch.Size([2048, 1024, 1, 1]): 
PretrainedInit: load from checkpoint/resnet50_8xb32_in1k_20210831-ea4938fc.pth 

backbone.layer4.0.downsample.1.weight - torch.Size([2048]): 
PretrainedInit: load from checkpoint/resnet50_8xb32_in1k_20210831-ea4938fc.pth 

backbone.layer4.0.downsample.1.bias - torch.Size([2048]): 
PretrainedInit: load from checkpoint/resnet50_8xb32_in1k_20210831-ea4938fc.pth 

backbone.layer4.1.conv1.weight - torch.Size([512, 2048, 1, 1]): 
PretrainedInit: load from checkpoint/resnet50_8xb32_in1k_20210831-ea4938fc.pth 

backbone.layer4.1.bn1.weight - torch.Size([512]): 
PretrainedInit: load from checkpoint/resnet50_8xb32_in1k_20210831-ea4938fc.pth 

backbone.layer4.1.bn1.bias - torch.Size([512]): 
PretrainedInit: load from checkpoint/resnet50_8xb32_in1k_20210831-ea4938fc.pth 

backbone.layer4.1.conv2.weight - torch.Size([512, 512, 3, 3]): 
PretrainedInit: load from checkpoint/resnet50_8xb32_in1k_20210831-ea4938fc.pth 

backbone.layer4.1.bn2.weight - torch.Size([512]): 
PretrainedInit: load from checkpoint/resnet50_8xb32_in1k_20210831-ea4938fc.pth 

backbone.layer4.1.bn2.bias - torch.Size([512]): 
PretrainedInit: load from checkpoint/resnet50_8xb32_in1k_20210831-ea4938fc.pth 

backbone.layer4.1.conv3.weight - torch.Size([2048, 512, 1, 1]): 
PretrainedInit: load from checkpoint/resnet50_8xb32_in1k_20210831-ea4938fc.pth 

backbone.layer4.1.bn3.weight - torch.Size([2048]): 
PretrainedInit: load from checkpoint/resnet50_8xb32_in1k_20210831-ea4938fc.pth 

backbone.layer4.1.bn3.bias - torch.Size([2048]): 
PretrainedInit: load from checkpoint/resnet50_8xb32_in1k_20210831-ea4938fc.pth 

backbone.layer4.2.conv1.weight - torch.Size([512, 2048, 1, 1]): 
PretrainedInit: load from checkpoint/resnet50_8xb32_in1k_20210831-ea4938fc.pth 

backbone.layer4.2.bn1.weight - torch.Size([512]): 
PretrainedInit: load from checkpoint/resnet50_8xb32_in1k_20210831-ea4938fc.pth 

backbone.layer4.2.bn1.bias - torch.Size([512]): 
PretrainedInit: load from checkpoint/resnet50_8xb32_in1k_20210831-ea4938fc.pth 

backbone.layer4.2.conv2.weight - torch.Size([512, 512, 3, 3]): 
PretrainedInit: load from checkpoint/resnet50_8xb32_in1k_20210831-ea4938fc.pth 

backbone.layer4.2.bn2.weight - torch.Size([512]): 
PretrainedInit: load from checkpoint/resnet50_8xb32_in1k_20210831-ea4938fc.pth 

backbone.layer4.2.bn2.bias - torch.Size([512]): 
PretrainedInit: load from checkpoint/resnet50_8xb32_in1k_20210831-ea4938fc.pth 

backbone.layer4.2.conv3.weight - torch.Size([2048, 512, 1, 1]): 
PretrainedInit: load from checkpoint/resnet50_8xb32_in1k_20210831-ea4938fc.pth 

backbone.layer4.2.bn3.weight - torch.Size([2048]): 
PretrainedInit: load from checkpoint/resnet50_8xb32_in1k_20210831-ea4938fc.pth 

backbone.layer4.2.bn3.bias - torch.Size([2048]): 
PretrainedInit: load from checkpoint/resnet50_8xb32_in1k_20210831-ea4938fc.pth 

head.fc.weight - torch.Size([30, 2048]): 
NormalInit: mean=0, std=0.01, bias=0 

head.fc.bias - torch.Size([30]): 
NormalInit: mean=0, std=0.01, bias=0 
2023/06/09 17:26:55 - mmengine - WARNING - "FileClient" will be deprecated in future. Please use io functions in https://mmengine.readthedocs.io/en/latest/api/fileio.html#file-io
2023/06/09 17:26:55 - mmengine - WARNING - "HardDiskBackend" is the alias of "LocalBackend" and the former will be deprecated in future.
2023/06/09 17:26:55 - mmengine - INFO - Checkpoints will be saved to /data/run01/scz0brk/openmmlab/mmpretrain/work_dir/resnet50/resnet50_1xb256_coslr-100e_fruit-30.
2023/06/09 17:27:25 - mmengine - INFO - Exp name: resnet50_1xb256_coslr-100e_fruit-30_20230609_172618
2023/06/09 17:27:25 - mmengine - INFO - Epoch(train)   [1][14/14]  lr: 5.0000e-02  eta: 0:49:14  time: 1.1282  data_time: 0.6335  memory: 21371  loss: 2.9070
2023/06/09 17:27:32 - mmengine - INFO - Epoch(val) [1][4/4]    accuracy/top1: 55.2928  accuracy/top5: 86.9369  data_time: 1.5303  time: 1.6792
2023/06/09 17:27:33 - mmengine - INFO - The best checkpoint with 55.2928 accuracy/top1 at 1 epoch is saved to best_accuracy_top1_epoch_1.pth.
2023/06/09 17:27:42 - mmengine - INFO - Exp name: resnet50_1xb256_coslr-100e_fruit-30_20230609_172618
2023/06/09 17:27:42 - mmengine - INFO - Epoch(train)   [2][14/14]  lr: 4.9988e-02  eta: 0:31:55  time: 0.5063  data_time: 0.0179  memory: 21367  loss: 2.4735
2023/06/09 17:27:44 - mmengine - INFO - Epoch(val) [2][4/4]    accuracy/top1: 42.7928  accuracy/top5: 77.0270  data_time: 0.1758  time: 0.3098
2023/06/09 17:27:53 - mmengine - INFO - Exp name: resnet50_1xb256_coslr-100e_fruit-30_20230609_172618
2023/06/09 17:27:53 - mmengine - INFO - Epoch(train)   [3][14/14]  lr: 4.9951e-02  eta: 0:26:06  time: 0.5172  data_time: 0.0306  memory: 21367  loss: 2.4004
2023/06/09 17:27:55 - mmengine - INFO - Epoch(val) [3][4/4]    accuracy/top1: 61.5991  accuracy/top5: 86.7117  data_time: 0.1785  time: 0.3339
2023/06/09 17:27:55 - mmengine - INFO - The previous best checkpoint /data/run01/scz0brk/openmmlab/mmpretrain/work_dir/resnet50/resnet50_1xb256_coslr-100e_fruit-30/best_accuracy_top1_epoch_1.pth is removed
2023/06/09 17:27:55 - mmengine - INFO - The best checkpoint with 61.5991 accuracy/top1 at 3 epoch is saved to best_accuracy_top1_epoch_3.pth.
2023/06/09 17:28:04 - mmengine - INFO - Exp name: resnet50_1xb256_coslr-100e_fruit-30_20230609_172618
2023/06/09 17:28:04 - mmengine - INFO - Epoch(train)   [4][14/14]  lr: 4.9889e-02  eta: 0:23:04  time: 0.5060  data_time: 0.0185  memory: 21367  loss: 2.2108
2023/06/09 17:28:06 - mmengine - INFO - Epoch(val) [4][4/4]    accuracy/top1: 65.6532  accuracy/top5: 88.5135  data_time: 0.1771  time: 0.3107
2023/06/09 17:28:06 - mmengine - INFO - The previous best checkpoint /data/run01/scz0brk/openmmlab/mmpretrain/work_dir/resnet50/resnet50_1xb256_coslr-100e_fruit-30/best_accuracy_top1_epoch_3.pth is removed
2023/06/09 17:28:06 - mmengine - INFO - The best checkpoint with 65.6532 accuracy/top1 at 4 epoch is saved to best_accuracy_top1_epoch_4.pth.
2023/06/09 17:28:16 - mmengine - INFO - Exp name: resnet50_1xb256_coslr-100e_fruit-30_20230609_172618
2023/06/09 17:28:16 - mmengine - INFO - Epoch(train)   [5][14/14]  lr: 4.9803e-02  eta: 0:21:11  time: 0.5065  data_time: 0.0179  memory: 21367  loss: 2.2078
2023/06/09 17:28:17 - mmengine - INFO - Epoch(val) [5][4/4]    accuracy/top1: 69.8198  accuracy/top5: 90.7658  data_time: 0.1756  time: 0.3097
2023/06/09 17:28:17 - mmengine - INFO - The previous best checkpoint /data/run01/scz0brk/openmmlab/mmpretrain/work_dir/resnet50/resnet50_1xb256_coslr-100e_fruit-30/best_accuracy_top1_epoch_4.pth is removed
2023/06/09 17:28:18 - mmengine - INFO - The best checkpoint with 69.8198 accuracy/top1 at 5 epoch is saved to best_accuracy_top1_epoch_5.pth.
2023/06/09 17:28:27 - mmengine - INFO - Exp name: resnet50_1xb256_coslr-100e_fruit-30_20230609_172618
2023/06/09 17:28:27 - mmengine - INFO - Epoch(train)   [6][14/14]  lr: 4.9692e-02  eta: 0:19:53  time: 0.5117  data_time: 0.0222  memory: 21367  loss: 2.0556
2023/06/09 17:28:28 - mmengine - INFO - Epoch(val) [6][4/4]    accuracy/top1: 66.2162  accuracy/top5: 89.7523  data_time: 0.1751  time: 0.3088
2023/06/09 17:28:38 - mmengine - INFO - Exp name: resnet50_1xb256_coslr-100e_fruit-30_20230609_172618
2023/06/09 17:28:38 - mmengine - INFO - Epoch(train)   [7][14/14]  lr: 4.9557e-02  eta: 0:18:56  time: 0.5136  data_time: 0.0242  memory: 21367  loss: 1.8363
2023/06/09 17:28:39 - mmengine - INFO - Epoch(val) [7][4/4]    accuracy/top1: 61.8243  accuracy/top5: 87.1622  data_time: 0.1732  time: 0.3076
2023/06/09 17:28:48 - mmengine - INFO - Exp name: resnet50_1xb256_coslr-100e_fruit-30_20230609_172618
2023/06/09 17:28:48 - mmengine - INFO - Epoch(train)   [8][14/14]  lr: 4.9398e-02  eta: 0:18:10  time: 0.5053  data_time: 0.0157  memory: 21367  loss: 1.8809
2023/06/09 17:28:50 - mmengine - INFO - Epoch(val) [8][4/4]    accuracy/top1: 70.2703  accuracy/top5: 93.2432  data_time: 0.1731  time: 0.3076
2023/06/09 17:28:50 - mmengine - INFO - The previous best checkpoint /data/run01/scz0brk/openmmlab/mmpretrain/work_dir/resnet50/resnet50_1xb256_coslr-100e_fruit-30/best_accuracy_top1_epoch_5.pth is removed
2023/06/09 17:28:50 - mmengine - INFO - The best checkpoint with 70.2703 accuracy/top1 at 8 epoch is saved to best_accuracy_top1_epoch_8.pth.
2023/06/09 17:29:00 - mmengine - INFO - Exp name: resnet50_1xb256_coslr-100e_fruit-30_20230609_172618
2023/06/09 17:29:00 - mmengine - INFO - Epoch(train)   [9][14/14]  lr: 4.9215e-02  eta: 0:17:32  time: 0.5143  data_time: 0.0245  memory: 21367  loss: 2.0774
2023/06/09 17:29:01 - mmengine - INFO - Epoch(val) [9][4/4]    accuracy/top1: 73.5360  accuracy/top5: 94.1441  data_time: 0.1748  time: 0.3098
2023/06/09 17:29:01 - mmengine - INFO - The previous best checkpoint /data/run01/scz0brk/openmmlab/mmpretrain/work_dir/resnet50/resnet50_1xb256_coslr-100e_fruit-30/best_accuracy_top1_epoch_8.pth is removed
2023/06/09 17:29:02 - mmengine - INFO - The best checkpoint with 73.5360 accuracy/top1 at 9 epoch is saved to best_accuracy_top1_epoch_9.pth.
2023/06/09 17:29:11 - mmengine - INFO - Exp name: resnet50_1xb256_coslr-100e_fruit-30_20230609_172618
2023/06/09 17:29:11 - mmengine - INFO - Epoch(train)  [10][14/14]  lr: 4.9007e-02  eta: 0:17:01  time: 0.5276  data_time: 0.0376  memory: 21367  loss: 1.9731
2023/06/09 17:29:13 - mmengine - INFO - Epoch(val) [10][4/4]    accuracy/top1: 73.5360  accuracy/top5: 93.5811  data_time: 0.1763  time: 0.3108
2023/06/09 17:29:22 - mmengine - INFO - Exp name: resnet50_1xb256_coslr-100e_fruit-30_20230609_172618
2023/06/09 17:29:22 - mmengine - INFO - Epoch(train)  [11][14/14]  lr: 4.8776e-02  eta: 0:16:33  time: 0.5106  data_time: 0.0208  memory: 21367  loss: 1.8256
2023/06/09 17:29:23 - mmengine - INFO - Epoch(val) [11][4/4]    accuracy/top1: 79.8423  accuracy/top5: 96.0586  data_time: 0.1729  time: 0.3072
2023/06/09 17:29:23 - mmengine - INFO - The previous best checkpoint /data/run01/scz0brk/openmmlab/mmpretrain/work_dir/resnet50/resnet50_1xb256_coslr-100e_fruit-30/best_accuracy_top1_epoch_9.pth is removed
2023/06/09 17:29:24 - mmengine - INFO - The best checkpoint with 79.8423 accuracy/top1 at 11 epoch is saved to best_accuracy_top1_epoch_11.pth.
2023/06/09 17:29:33 - mmengine - INFO - Exp name: resnet50_1xb256_coslr-100e_fruit-30_20230609_172618
2023/06/09 17:29:33 - mmengine - INFO - Epoch(train)  [12][14/14]  lr: 4.8522e-02  eta: 0:16:07  time: 0.5042  data_time: 0.0140  memory: 21367  loss: 1.8048
2023/06/09 17:29:35 - mmengine - INFO - Epoch(val) [12][4/4]    accuracy/top1: 79.5045  accuracy/top5: 96.1712  data_time: 0.1764  time: 0.3108
2023/06/09 17:29:44 - mmengine - INFO - Exp name: resnet50_1xb256_coslr-100e_fruit-30_20230609_172618
2023/06/09 17:29:44 - mmengine - INFO - Epoch(train)  [13][14/14]  lr: 4.8244e-02  eta: 0:15:45  time: 0.5103  data_time: 0.0202  memory: 21367  loss: 2.0913
2023/06/09 17:29:45 - mmengine - INFO - Epoch(val) [13][4/4]    accuracy/top1: 80.4054  accuracy/top5: 95.9459  data_time: 0.1729  time: 0.3073
2023/06/09 17:29:45 - mmengine - INFO - The previous best checkpoint /data/run01/scz0brk/openmmlab/mmpretrain/work_dir/resnet50/resnet50_1xb256_coslr-100e_fruit-30/best_accuracy_top1_epoch_11.pth is removed
2023/06/09 17:29:46 - mmengine - INFO - The best checkpoint with 80.4054 accuracy/top1 at 13 epoch is saved to best_accuracy_top1_epoch_13.pth.
2023/06/09 17:29:55 - mmengine - INFO - Exp name: resnet50_1xb256_coslr-100e_fruit-30_20230609_172618
2023/06/09 17:29:55 - mmengine - INFO - Epoch(train)  [14][14/14]  lr: 4.7944e-02  eta: 0:15:25  time: 0.5269  data_time: 0.0374  memory: 21367  loss: 1.8754
2023/06/09 17:29:57 - mmengine - INFO - Epoch(val) [14][4/4]    accuracy/top1: 81.1937  accuracy/top5: 94.9324  data_time: 0.1773  time: 0.3118
2023/06/09 17:29:57 - mmengine - INFO - The previous best checkpoint /data/run01/scz0brk/openmmlab/mmpretrain/work_dir/resnet50/resnet50_1xb256_coslr-100e_fruit-30/best_accuracy_top1_epoch_13.pth is removed
2023/06/09 17:29:57 - mmengine - INFO - The best checkpoint with 81.1937 accuracy/top1 at 14 epoch is saved to best_accuracy_top1_epoch_14.pth.
2023/06/09 17:30:07 - mmengine - INFO - Exp name: resnet50_1xb256_coslr-100e_fruit-30_20230609_172618
2023/06/09 17:30:07 - mmengine - INFO - Epoch(train)  [15][14/14]  lr: 4.7621e-02  eta: 0:15:06  time: 0.5192  data_time: 0.0292  memory: 21367  loss: 1.7884
2023/06/09 17:30:08 - mmengine - INFO - Epoch(val) [15][4/4]    accuracy/top1: 76.8018  accuracy/top5: 94.2568  data_time: 0.1726  time: 0.3065
2023/06/09 17:30:17 - mmengine - INFO - Exp name: resnet50_1xb256_coslr-100e_fruit-30_20230609_172618
2023/06/09 17:30:17 - mmengine - INFO - Epoch(train)  [16][14/14]  lr: 4.7275e-02  eta: 0:14:48  time: 0.5028  data_time: 0.0127  memory: 21367  loss: 1.7888
2023/06/09 17:30:19 - mmengine - INFO - Epoch(val) [16][4/4]    accuracy/top1: 73.7613  accuracy/top5: 94.7072  data_time: 0.1725  time: 0.3064
2023/06/09 17:30:28 - mmengine - INFO - Exp name: resnet50_1xb256_coslr-100e_fruit-30_20230609_172618
2023/06/09 17:30:28 - mmengine - INFO - Epoch(train)  [17][14/14]  lr: 4.6908e-02  eta: 0:14:31  time: 0.5005  data_time: 0.0100  memory: 21367  loss: 1.7690
2023/06/09 17:30:30 - mmengine - INFO - Epoch(val) [17][4/4]    accuracy/top1: 78.4910  accuracy/top5: 95.7207  data_time: 0.1753  time: 0.3096
2023/06/09 17:30:39 - mmengine - INFO - Exp name: resnet50_1xb256_coslr-100e_fruit-30_20230609_172618
2023/06/09 17:30:39 - mmengine - INFO - Epoch(train)  [18][14/14]  lr: 4.6519e-02  eta: 0:14:15  time: 0.5103  data_time: 0.0202  memory: 21367  loss: 1.6881
2023/06/09 17:30:40 - mmengine - INFO - Epoch(val) [18][4/4]    accuracy/top1: 78.7162  accuracy/top5: 95.6081  data_time: 0.1745  time: 0.3092
2023/06/09 17:30:50 - mmengine - INFO - Exp name: resnet50_1xb256_coslr-100e_fruit-30_20230609_172618
2023/06/09 17:30:50 - mmengine - INFO - Epoch(train)  [19][14/14]  lr: 4.6108e-02  eta: 0:13:59  time: 0.5098  data_time: 0.0198  memory: 21367  loss: 1.7205
2023/06/09 17:30:51 - mmengine - INFO - Epoch(val) [19][4/4]    accuracy/top1: 83.3333  accuracy/top5: 97.2973  data_time: 0.1735  time: 0.3075
2023/06/09 17:30:51 - mmengine - INFO - The previous best checkpoint /data/run01/scz0brk/openmmlab/mmpretrain/work_dir/resnet50/resnet50_1xb256_coslr-100e_fruit-30/best_accuracy_top1_epoch_14.pth is removed
2023/06/09 17:30:52 - mmengine - INFO - The best checkpoint with 83.3333 accuracy/top1 at 19 epoch is saved to best_accuracy_top1_epoch_19.pth.
2023/06/09 17:31:01 - mmengine - INFO - Exp name: resnet50_1xb256_coslr-100e_fruit-30_20230609_172618
2023/06/09 17:31:01 - mmengine - INFO - Epoch(train)  [20][14/14]  lr: 4.5677e-02  eta: 0:13:45  time: 0.5207  data_time: 0.0310  memory: 21367  loss: 1.7553
2023/06/09 17:31:03 - mmengine - INFO - Epoch(val) [20][4/4]    accuracy/top1: 77.5901  accuracy/top5: 94.9324  data_time: 0.1742  time: 0.3094
2023/06/09 17:31:12 - mmengine - INFO - Exp name: resnet50_1xb256_coslr-100e_fruit-30_20230609_172618
2023/06/09 17:31:12 - mmengine - INFO - Epoch(train)  [21][14/14]  lr: 4.5225e-02  eta: 0:13:31  time: 0.5053  data_time: 0.0158  memory: 21367  loss: 1.4754
2023/06/09 17:31:13 - mmengine - INFO - Epoch(val) [21][4/4]    accuracy/top1: 84.1216  accuracy/top5: 96.2838  data_time: 0.1764  time: 0.3109
2023/06/09 17:31:13 - mmengine - INFO - The previous best checkpoint /data/run01/scz0brk/openmmlab/mmpretrain/work_dir/resnet50/resnet50_1xb256_coslr-100e_fruit-30/best_accuracy_top1_epoch_19.pth is removed
2023/06/09 17:31:14 - mmengine - INFO - The best checkpoint with 84.1216 accuracy/top1 at 21 epoch is saved to best_accuracy_top1_epoch_21.pth.
2023/06/09 17:31:23 - mmengine - INFO - Exp name: resnet50_1xb256_coslr-100e_fruit-30_20230609_172618
2023/06/09 17:31:23 - mmengine - INFO - Epoch(train)  [22][14/14]  lr: 4.4754e-02  eta: 0:13:17  time: 0.5204  data_time: 0.0304  memory: 21367  loss: 1.9268
2023/06/09 17:31:25 - mmengine - INFO - Epoch(val) [22][4/4]    accuracy/top1: 74.0991  accuracy/top5: 93.0180  data_time: 0.1746  time: 0.3087
2023/06/09 17:31:34 - mmengine - INFO - Exp name: resnet50_1xb256_coslr-100e_fruit-30_20230609_172618
2023/06/09 17:31:34 - mmengine - INFO - Epoch(train)  [23][14/14]  lr: 4.4263e-02  eta: 0:13:04  time: 0.5134  data_time: 0.0234  memory: 21367  loss: 1.6105
2023/06/09 17:31:35 - mmengine - INFO - Epoch(val) [23][4/4]    accuracy/top1: 87.0496  accuracy/top5: 97.6351  data_time: 0.1735  time: 0.3082
2023/06/09 17:31:35 - mmengine - INFO - The previous best checkpoint /data/run01/scz0brk/openmmlab/mmpretrain/work_dir/resnet50/resnet50_1xb256_coslr-100e_fruit-30/best_accuracy_top1_epoch_21.pth is removed
2023/06/09 17:31:36 - mmengine - INFO - The best checkpoint with 87.0496 accuracy/top1 at 23 epoch is saved to best_accuracy_top1_epoch_23.pth.
2023/06/09 17:31:45 - mmengine - INFO - Exp name: resnet50_1xb256_coslr-100e_fruit-30_20230609_172618
2023/06/09 17:31:45 - mmengine - INFO - Epoch(train)  [24][14/14]  lr: 4.3753e-02  eta: 0:12:51  time: 0.5060  data_time: 0.0162  memory: 21367  loss: 1.7678
2023/06/09 17:31:47 - mmengine - INFO - Epoch(val) [24][4/4]    accuracy/top1: 84.2342  accuracy/top5: 96.5090  data_time: 0.1722  time: 0.3063
2023/06/09 17:31:56 - mmengine - INFO - Exp name: resnet50_1xb256_coslr-100e_fruit-30_20230609_172618
2023/06/09 17:31:56 - mmengine - INFO - Epoch(train)  [25][14/14]  lr: 4.3224e-02  eta: 0:12:38  time: 0.5136  data_time: 0.0236  memory: 21367  loss: 1.6909
2023/06/09 17:31:58 - mmengine - INFO - Epoch(val) [25][4/4]    accuracy/top1: 81.3063  accuracy/top5: 96.0586  data_time: 0.1741  time: 0.3081
2023/06/09 17:32:07 - mmengine - INFO - Exp name: resnet50_1xb256_coslr-100e_fruit-30_20230609_172618
2023/06/09 17:32:07 - mmengine - INFO - Epoch(train)  [26][14/14]  lr: 4.2678e-02  eta: 0:12:26  time: 0.5145  data_time: 0.0245  memory: 21367  loss: 1.7409
2023/06/09 17:32:08 - mmengine - INFO - Epoch(val) [26][4/4]    accuracy/top1: 85.0225  accuracy/top5: 96.6216  data_time: 0.1737  time: 0.3088
2023/06/09 17:32:18 - mmengine - INFO - Exp name: resnet50_1xb256_coslr-100e_fruit-30_20230609_172618
2023/06/09 17:32:18 - mmengine - INFO - Epoch(train)  [27][14/14]  lr: 4.2114e-02  eta: 0:12:14  time: 0.5204  data_time: 0.0300  memory: 21367  loss: 1.7333
2023/06/09 17:32:19 - mmengine - INFO - Epoch(val) [27][4/4]    accuracy/top1: 86.3739  accuracy/top5: 97.2973  data_time: 0.1731  time: 0.3290
2023/06/09 17:32:28 - mmengine - INFO - Exp name: resnet50_1xb256_coslr-100e_fruit-30_20230609_172618
2023/06/09 17:32:28 - mmengine - INFO - Epoch(train)  [28][14/14]  lr: 4.1533e-02  eta: 0:12:02  time: 0.5069  data_time: 0.0169  memory: 21367  loss: 1.4752
2023/06/09 17:32:30 - mmengine - INFO - Epoch(val) [28][4/4]    accuracy/top1: 79.7297  accuracy/top5: 95.6081  data_time: 0.1743  time: 0.3090
2023/06/09 17:32:39 - mmengine - INFO - Exp name: resnet50_1xb256_coslr-100e_fruit-30_20230609_172618
2023/06/09 17:32:39 - mmengine - INFO - Epoch(train)  [29][14/14]  lr: 4.0936e-02  eta: 0:11:50  time: 0.5124  data_time: 0.0222  memory: 21367  loss: 1.8917
2023/06/09 17:32:41 - mmengine - INFO - Epoch(val) [29][4/4]    accuracy/top1: 77.9279  accuracy/top5: 94.9324  data_time: 0.1734  time: 0.3074
2023/06/09 17:32:50 - mmengine - INFO - Exp name: resnet50_1xb256_coslr-100e_fruit-30_20230609_172618
2023/06/09 17:32:50 - mmengine - INFO - Epoch(train)  [30][14/14]  lr: 4.0323e-02  eta: 0:11:38  time: 0.5116  data_time: 0.0215  memory: 21367  loss: 1.4284
2023/06/09 17:32:51 - mmengine - INFO - Epoch(val) [30][4/4]    accuracy/top1: 86.7117  accuracy/top5: 97.0721  data_time: 0.1729  time: 0.3069
2023/06/09 17:33:01 - mmengine - INFO - Exp name: resnet50_1xb256_coslr-100e_fruit-30_20230609_172618
2023/06/09 17:33:01 - mmengine - INFO - Epoch(train)  [31][14/14]  lr: 3.9695e-02  eta: 0:11:27  time: 0.5166  data_time: 0.0262  memory: 21367  loss: 1.5553
2023/06/09 17:33:02 - mmengine - INFO - Epoch(val) [31][4/4]    accuracy/top1: 82.4324  accuracy/top5: 95.7207  data_time: 0.1761  time: 0.3111
2023/06/09 17:33:11 - mmengine - INFO - Exp name: resnet50_1xb256_coslr-100e_fruit-30_20230609_172618
2023/06/09 17:33:11 - mmengine - INFO - Epoch(train)  [32][14/14]  lr: 3.9052e-02  eta: 0:11:15  time: 0.5115  data_time: 0.0207  memory: 21367  loss: 1.4879
2023/06/09 17:33:13 - mmengine - INFO - Epoch(val) [32][4/4]    accuracy/top1: 83.6712  accuracy/top5: 96.7342  data_time: 0.1730  time: 0.3080
2023/06/09 17:33:22 - mmengine - INFO - Exp name: resnet50_1xb256_coslr-100e_fruit-30_20230609_172618
2023/06/09 17:33:22 - mmengine - INFO - Epoch(train)  [33][14/14]  lr: 3.8396e-02  eta: 0:11:04  time: 0.5211  data_time: 0.0316  memory: 21367  loss: 1.6149
2023/06/09 17:33:24 - mmengine - INFO - Epoch(val) [33][4/4]    accuracy/top1: 87.0496  accuracy/top5: 97.8604  data_time: 0.1744  time: 0.3091
2023/06/09 17:33:33 - mmengine - INFO - Exp name: resnet50_1xb256_coslr-100e_fruit-30_20230609_172618
2023/06/09 17:33:33 - mmengine - INFO - Epoch(train)  [34][14/14]  lr: 3.7726e-02  eta: 0:10:53  time: 0.5184  data_time: 0.0278  memory: 21367  loss: 1.6718
2023/06/09 17:33:35 - mmengine - INFO - Epoch(val) [34][4/4]    accuracy/top1: 87.8378  accuracy/top5: 97.5225  data_time: 0.1733  time: 0.3076
2023/06/09 17:33:35 - mmengine - INFO - The previous best checkpoint /data/run01/scz0brk/openmmlab/mmpretrain/work_dir/resnet50/resnet50_1xb256_coslr-100e_fruit-30/best_accuracy_top1_epoch_23.pth is removed
2023/06/09 17:33:35 - mmengine - INFO - The best checkpoint with 87.8378 accuracy/top1 at 34 epoch is saved to best_accuracy_top1_epoch_34.pth.
2023/06/09 17:33:44 - mmengine - INFO - Exp name: resnet50_1xb256_coslr-100e_fruit-30_20230609_172618
2023/06/09 17:33:44 - mmengine - INFO - Epoch(train)  [35][14/14]  lr: 3.7044e-02  eta: 0:10:42  time: 0.5107  data_time: 0.0202  memory: 21367  loss: 1.5414
2023/06/09 17:33:46 - mmengine - INFO - Epoch(val) [35][4/4]    accuracy/top1: 85.3604  accuracy/top5: 96.6216  data_time: 0.1731  time: 0.3072
2023/06/09 17:33:55 - mmengine - INFO - Exp name: resnet50_1xb256_coslr-100e_fruit-30_20230609_172618
2023/06/09 17:33:55 - mmengine - INFO - Epoch(train)  [36][14/14]  lr: 3.6350e-02  eta: 0:10:32  time: 0.5231  data_time: 0.0334  memory: 21367  loss: 1.6633
2023/06/09 17:33:57 - mmengine - INFO - Epoch(val) [36][4/4]    accuracy/top1: 84.3468  accuracy/top5: 96.3964  data_time: 0.1747  time: 0.3090
2023/06/09 17:34:06 - mmengine - INFO - Exp name: resnet50_1xb256_coslr-100e_fruit-30_20230609_172618
2023/06/09 17:34:06 - mmengine - INFO - Epoch(train)  [37][14/14]  lr: 3.5644e-02  eta: 0:10:21  time: 0.5058  data_time: 0.0155  memory: 21367  loss: 1.5655
2023/06/09 17:34:08 - mmengine - INFO - Epoch(val) [37][4/4]    accuracy/top1: 87.0496  accuracy/top5: 97.8604  data_time: 0.1735  time: 0.3084
2023/06/09 17:34:17 - mmengine - INFO - Exp name: resnet50_1xb256_coslr-100e_fruit-30_20230609_172618
2023/06/09 17:34:17 - mmengine - INFO - Epoch(train)  [38][14/14]  lr: 3.4929e-02  eta: 0:10:10  time: 0.5085  data_time: 0.0183  memory: 21367  loss: 1.5957
2023/06/09 17:34:18 - mmengine - INFO - Epoch(val) [38][4/4]    accuracy/top1: 79.9550  accuracy/top5: 95.3829  data_time: 0.1733  time: 0.3075
2023/06/09 17:34:27 - mmengine - INFO - Exp name: resnet50_1xb256_coslr-100e_fruit-30_20230609_172618
2023/06/09 17:34:27 - mmengine - INFO - Epoch(train)  [39][14/14]  lr: 3.4203e-02  eta: 0:09:59  time: 0.5043  data_time: 0.0144  memory: 21367  loss: 1.5812
2023/06/09 17:34:29 - mmengine - INFO - Epoch(val) [39][4/4]    accuracy/top1: 86.1487  accuracy/top5: 97.0721  data_time: 0.1968  time: 0.3313
2023/06/09 17:34:38 - mmengine - INFO - Exp name: resnet50_1xb256_coslr-100e_fruit-30_20230609_172618
2023/06/09 17:34:38 - mmengine - INFO - Epoch(train)  [40][14/14]  lr: 3.3468e-02  eta: 0:09:48  time: 0.5059  data_time: 0.0153  memory: 21367  loss: 1.3046
2023/06/09 17:34:40 - mmengine - INFO - Epoch(val) [40][4/4]    accuracy/top1: 85.0225  accuracy/top5: 97.1847  data_time: 0.1725  time: 0.3064
2023/06/09 17:34:49 - mmengine - INFO - Exp name: resnet50_1xb256_coslr-100e_fruit-30_20230609_172618
2023/06/09 17:34:49 - mmengine - INFO - Epoch(train)  [41][14/14]  lr: 3.2725e-02  eta: 0:09:38  time: 0.5033  data_time: 0.0126  memory: 21367  loss: 1.7376
2023/06/09 17:34:50 - mmengine - INFO - Epoch(val) [41][4/4]    accuracy/top1: 87.3874  accuracy/top5: 97.7477  data_time: 0.1733  time: 0.3076
2023/06/09 17:35:00 - mmengine - INFO - Exp name: resnet50_1xb256_coslr-100e_fruit-30_20230609_172618
2023/06/09 17:35:00 - mmengine - INFO - Epoch(train)  [42][14/14]  lr: 3.1975e-02  eta: 0:09:27  time: 0.5179  data_time: 0.0279  memory: 21367  loss: 1.6730
2023/06/09 17:35:01 - mmengine - INFO - Epoch(val) [42][4/4]    accuracy/top1: 88.0631  accuracy/top5: 97.6351  data_time: 0.1726  time: 0.3071
2023/06/09 17:35:01 - mmengine - INFO - The previous best checkpoint /data/run01/scz0brk/openmmlab/mmpretrain/work_dir/resnet50/resnet50_1xb256_coslr-100e_fruit-30/best_accuracy_top1_epoch_34.pth is removed
2023/06/09 17:35:02 - mmengine - INFO - The best checkpoint with 88.0631 accuracy/top1 at 42 epoch is saved to best_accuracy_top1_epoch_42.pth.
2023/06/09 17:35:11 - mmengine - INFO - Exp name: resnet50_1xb256_coslr-100e_fruit-30_20230609_172618
2023/06/09 17:35:11 - mmengine - INFO - Epoch(train)  [43][14/14]  lr: 3.1217e-02  eta: 0:09:17  time: 0.5079  data_time: 0.0177  memory: 21367  loss: 1.2316
2023/06/09 17:35:13 - mmengine - INFO - Epoch(val) [43][4/4]    accuracy/top1: 88.0631  accuracy/top5: 97.8604  data_time: 0.1727  time: 0.3069
2023/06/09 17:35:22 - mmengine - INFO - Exp name: resnet50_1xb256_coslr-100e_fruit-30_20230609_172618
2023/06/09 17:35:22 - mmengine - INFO - Epoch(train)  [44][14/14]  lr: 3.0454e-02  eta: 0:09:06  time: 0.5092  data_time: 0.0182  memory: 21367  loss: 1.7462
2023/06/09 17:35:23 - mmengine - INFO - Epoch(val) [44][4/4]    accuracy/top1: 86.2613  accuracy/top5: 97.0721  data_time: 0.1752  time: 0.3103
2023/06/09 17:35:33 - mmengine - INFO - Exp name: resnet50_1xb256_coslr-100e_fruit-30_20230609_172618
2023/06/09 17:35:33 - mmengine - INFO - Epoch(train)  [45][14/14]  lr: 2.9685e-02  eta: 0:08:56  time: 0.5158  data_time: 0.0261  memory: 21367  loss: 1.3942
2023/06/09 17:35:34 - mmengine - INFO - Epoch(val) [45][4/4]    accuracy/top1: 86.3739  accuracy/top5: 97.1847  data_time: 0.1749  time: 0.3097
2023/06/09 17:35:44 - mmengine - INFO - Exp name: resnet50_1xb256_coslr-100e_fruit-30_20230609_172618
2023/06/09 17:35:44 - mmengine - INFO - Epoch(train)  [46][14/14]  lr: 2.8911e-02  eta: 0:08:46  time: 0.5165  data_time: 0.0263  memory: 21367  loss: 1.5827
2023/06/09 17:35:45 - mmengine - INFO - Epoch(val) [46][4/4]    accuracy/top1: 86.8243  accuracy/top5: 97.8604  data_time: 0.1727  time: 0.3071
2023/06/09 17:35:54 - mmengine - INFO - Exp name: resnet50_1xb256_coslr-100e_fruit-30_20230609_172618
2023/06/09 17:35:54 - mmengine - INFO - Epoch(train)  [47][14/14]  lr: 2.8133e-02  eta: 0:08:36  time: 0.5077  data_time: 0.0175  memory: 21367  loss: 1.6077
2023/06/09 17:35:56 - mmengine - INFO - Epoch(val) [47][4/4]    accuracy/top1: 88.5135  accuracy/top5: 97.6351  data_time: 0.1748  time: 0.3091
2023/06/09 17:35:56 - mmengine - INFO - The previous best checkpoint /data/run01/scz0brk/openmmlab/mmpretrain/work_dir/resnet50/resnet50_1xb256_coslr-100e_fruit-30/best_accuracy_top1_epoch_42.pth is removed
2023/06/09 17:35:56 - mmengine - INFO - The best checkpoint with 88.5135 accuracy/top1 at 47 epoch is saved to best_accuracy_top1_epoch_47.pth.
2023/06/09 17:36:06 - mmengine - INFO - Exp name: resnet50_1xb256_coslr-100e_fruit-30_20230609_172618
2023/06/09 17:36:06 - mmengine - INFO - Epoch(train)  [48][14/14]  lr: 2.7353e-02  eta: 0:08:25  time: 0.5088  data_time: 0.0187  memory: 21367  loss: 1.3449
2023/06/09 17:36:07 - mmengine - INFO - Epoch(val) [48][4/4]    accuracy/top1: 88.5135  accuracy/top5: 97.8604  data_time: 0.1753  time: 0.3097
2023/06/09 17:36:16 - mmengine - INFO - Exp name: resnet50_1xb256_coslr-100e_fruit-30_20230609_172618
2023/06/09 17:36:16 - mmengine - INFO - Epoch(train)  [49][14/14]  lr: 2.6570e-02  eta: 0:08:15  time: 0.5107  data_time: 0.0203  memory: 21367  loss: 1.5430
2023/06/09 17:36:18 - mmengine - INFO - Epoch(val) [49][4/4]    accuracy/top1: 89.3018  accuracy/top5: 97.9730  data_time: 0.1740  time: 0.3081
2023/06/09 17:36:18 - mmengine - INFO - The previous best checkpoint /data/run01/scz0brk/openmmlab/mmpretrain/work_dir/resnet50/resnet50_1xb256_coslr-100e_fruit-30/best_accuracy_top1_epoch_47.pth is removed
2023/06/09 17:36:18 - mmengine - INFO - The best checkpoint with 89.3018 accuracy/top1 at 49 epoch is saved to best_accuracy_top1_epoch_49.pth.
2023/06/09 17:36:28 - mmengine - INFO - Exp name: resnet50_1xb256_coslr-100e_fruit-30_20230609_172618
2023/06/09 17:36:28 - mmengine - INFO - Epoch(train)  [50][14/14]  lr: 2.5785e-02  eta: 0:08:05  time: 0.5142  data_time: 0.0242  memory: 21367  loss: 1.6298
2023/06/09 17:36:29 - mmengine - INFO - Epoch(val) [50][4/4]    accuracy/top1: 89.4144  accuracy/top5: 98.3108  data_time: 0.1723  time: 0.3063
2023/06/09 17:36:29 - mmengine - INFO - The previous best checkpoint /data/run01/scz0brk/openmmlab/mmpretrain/work_dir/resnet50/resnet50_1xb256_coslr-100e_fruit-30/best_accuracy_top1_epoch_49.pth is removed
2023/06/09 17:36:30 - mmengine - INFO - The best checkpoint with 89.4144 accuracy/top1 at 50 epoch is saved to best_accuracy_top1_epoch_50.pth.
2023/06/09 17:36:39 - mmengine - INFO - Exp name: resnet50_1xb256_coslr-100e_fruit-30_20230609_172618
2023/06/09 17:36:39 - mmengine - INFO - Epoch(train)  [51][14/14]  lr: 2.5000e-02  eta: 0:07:55  time: 0.5093  data_time: 0.0189  memory: 21367  loss: 1.4694
2023/06/09 17:36:40 - mmengine - INFO - Epoch(val) [51][4/4]    accuracy/top1: 78.9414  accuracy/top5: 95.2703  data_time: 0.1741  time: 0.3084
2023/06/09 17:36:50 - mmengine - INFO - Exp name: resnet50_1xb256_coslr-100e_fruit-30_20230609_172618
2023/06/09 17:36:50 - mmengine - INFO - Epoch(train)  [52][14/14]  lr: 2.4215e-02  eta: 0:07:45  time: 0.5068  data_time: 0.0170  memory: 21367  loss: 1.2049
2023/06/09 17:36:51 - mmengine - INFO - Epoch(val) [52][4/4]    accuracy/top1: 90.3153  accuracy/top5: 97.7477  data_time: 0.1746  time: 0.3092
2023/06/09 17:36:51 - mmengine - INFO - The previous best checkpoint /data/run01/scz0brk/openmmlab/mmpretrain/work_dir/resnet50/resnet50_1xb256_coslr-100e_fruit-30/best_accuracy_top1_epoch_50.pth is removed
2023/06/09 17:36:52 - mmengine - INFO - The best checkpoint with 90.3153 accuracy/top1 at 52 epoch is saved to best_accuracy_top1_epoch_52.pth.
2023/06/09 17:37:01 - mmengine - INFO - Exp name: resnet50_1xb256_coslr-100e_fruit-30_20230609_172618
2023/06/09 17:37:01 - mmengine - INFO - Epoch(train)  [53][14/14]  lr: 2.3430e-02  eta: 0:07:35  time: 0.5141  data_time: 0.0239  memory: 21367  loss: 1.4541
2023/06/09 17:37:02 - mmengine - INFO - Epoch(val) [53][4/4]    accuracy/top1: 89.4144  accuracy/top5: 97.4099  data_time: 0.1735  time: 0.3081
2023/06/09 17:37:12 - mmengine - INFO - Exp name: resnet50_1xb256_coslr-100e_fruit-30_20230609_172618
2023/06/09 17:37:12 - mmengine - INFO - Epoch(train)  [54][14/14]  lr: 2.2647e-02  eta: 0:07:25  time: 0.5028  data_time: 0.0129  memory: 21367  loss: 1.4892
2023/06/09 17:37:13 - mmengine - INFO - Epoch(val) [54][4/4]    accuracy/top1: 89.0766  accuracy/top5: 97.2973  data_time: 0.1738  time: 0.3084
2023/06/09 17:37:22 - mmengine - INFO - Exp name: resnet50_1xb256_coslr-100e_fruit-30_20230609_172618
2023/06/09 17:37:22 - mmengine - INFO - Epoch(train)  [55][14/14]  lr: 2.1867e-02  eta: 0:07:15  time: 0.5121  data_time: 0.0215  memory: 21367  loss: 1.2778
2023/06/09 17:37:24 - mmengine - INFO - Epoch(val) [55][4/4]    accuracy/top1: 87.7252  accuracy/top5: 97.6351  data_time: 0.1738  time: 0.3080
2023/06/09 17:37:33 - mmengine - INFO - Exp name: resnet50_1xb256_coslr-100e_fruit-30_20230609_172618
2023/06/09 17:37:33 - mmengine - INFO - Epoch(train)  [56][14/14]  lr: 2.1089e-02  eta: 0:07:05  time: 0.5075  data_time: 0.0172  memory: 21367  loss: 1.5693
2023/06/09 17:37:35 - mmengine - INFO - Epoch(val) [56][4/4]    accuracy/top1: 89.5270  accuracy/top5: 98.3108  data_time: 0.1751  time: 0.3108
2023/06/09 17:37:44 - mmengine - INFO - Exp name: resnet50_1xb256_coslr-100e_fruit-30_20230609_172618
2023/06/09 17:37:44 - mmengine - INFO - Epoch(train)  [57][14/14]  lr: 2.0315e-02  eta: 0:06:55  time: 0.5056  data_time: 0.0156  memory: 21367  loss: 1.1940
2023/06/09 17:37:45 - mmengine - INFO - Epoch(val) [57][4/4]    accuracy/top1: 88.4009  accuracy/top5: 98.4234  data_time: 0.1732  time: 0.3076
2023/06/09 17:37:55 - mmengine - INFO - Exp name: resnet50_1xb256_coslr-100e_fruit-30_20230609_172618
2023/06/09 17:37:55 - mmengine - INFO - Epoch(train)  [58][14/14]  lr: 1.9546e-02  eta: 0:06:45  time: 0.5171  data_time: 0.0269  memory: 21367  loss: 1.4201
2023/06/09 17:37:56 - mmengine - INFO - Epoch(val) [58][4/4]    accuracy/top1: 90.0901  accuracy/top5: 98.0856  data_time: 0.1743  time: 0.3092
2023/06/09 17:38:05 - mmengine - INFO - Exp name: resnet50_1xb256_coslr-100e_fruit-30_20230609_172618
2023/06/09 17:38:05 - mmengine - INFO - Epoch(train)  [59][14/14]  lr: 1.8783e-02  eta: 0:06:35  time: 0.5053  data_time: 0.0149  memory: 21367  loss: 1.1943
2023/06/09 17:38:07 - mmengine - INFO - Epoch(val) [59][4/4]    accuracy/top1: 89.6396  accuracy/top5: 98.0856  data_time: 0.1749  time: 0.3089
2023/06/09 17:38:16 - mmengine - INFO - Exp name: resnet50_1xb256_coslr-100e_fruit-30_20230609_172618
2023/06/09 17:38:16 - mmengine - INFO - Epoch(train)  [60][14/14]  lr: 1.8025e-02  eta: 0:06:25  time: 0.5085  data_time: 0.0180  memory: 21367  loss: 1.1543
2023/06/09 17:38:18 - mmengine - INFO - Epoch(val) [60][4/4]    accuracy/top1: 91.2162  accuracy/top5: 98.4234  data_time: 0.1734  time: 0.3076
2023/06/09 17:38:18 - mmengine - INFO - The previous best checkpoint /data/run01/scz0brk/openmmlab/mmpretrain/work_dir/resnet50/resnet50_1xb256_coslr-100e_fruit-30/best_accuracy_top1_epoch_52.pth is removed
2023/06/09 17:38:18 - mmengine - INFO - The best checkpoint with 91.2162 accuracy/top1 at 60 epoch is saved to best_accuracy_top1_epoch_60.pth.
2023/06/09 17:38:27 - mmengine - INFO - Exp name: resnet50_1xb256_coslr-100e_fruit-30_20230609_172618
2023/06/09 17:38:27 - mmengine - INFO - Epoch(train)  [61][14/14]  lr: 1.7275e-02  eta: 0:06:15  time: 0.5146  data_time: 0.0244  memory: 21367  loss: 1.2832
2023/06/09 17:38:29 - mmengine - INFO - Epoch(val) [61][4/4]    accuracy/top1: 89.0766  accuracy/top5: 98.0856  data_time: 0.1737  time: 0.3081
2023/06/09 17:38:38 - mmengine - INFO - Exp name: resnet50_1xb256_coslr-100e_fruit-30_20230609_172618
2023/06/09 17:38:38 - mmengine - INFO - Epoch(train)  [62][14/14]  lr: 1.6532e-02  eta: 0:06:05  time: 0.5202  data_time: 0.0305  memory: 21367  loss: 1.4561
2023/06/09 17:38:40 - mmengine - INFO - Epoch(val) [62][4/4]    accuracy/top1: 90.9910  accuracy/top5: 98.1982  data_time: 0.1721  time: 0.3062
2023/06/09 17:38:49 - mmengine - INFO - Exp name: resnet50_1xb256_coslr-100e_fruit-30_20230609_172618
2023/06/09 17:38:49 - mmengine - INFO - Epoch(train)  [63][14/14]  lr: 1.5797e-02  eta: 0:05:55  time: 0.5157  data_time: 0.0254  memory: 21367  loss: 1.3463
2023/06/09 17:38:51 - mmengine - INFO - Epoch(val) [63][4/4]    accuracy/top1: 90.3153  accuracy/top5: 98.4234  data_time: 0.1743  time: 0.3088
2023/06/09 17:39:00 - mmengine - INFO - Exp name: resnet50_1xb256_coslr-100e_fruit-30_20230609_172618
2023/06/09 17:39:00 - mmengine - INFO - Epoch(train)  [64][14/14]  lr: 1.5071e-02  eta: 0:05:46  time: 0.5109  data_time: 0.0203  memory: 21367  loss: 1.2878
2023/06/09 17:39:01 - mmengine - INFO - Epoch(val) [64][4/4]    accuracy/top1: 88.9640  accuracy/top5: 98.1982  data_time: 0.1727  time: 0.3070
2023/06/09 17:39:11 - mmengine - INFO - Exp name: resnet50_1xb256_coslr-100e_fruit-30_20230609_172618
2023/06/09 17:39:11 - mmengine - INFO - Epoch(train)  [65][14/14]  lr: 1.4356e-02  eta: 0:05:36  time: 0.5094  data_time: 0.0188  memory: 21367  loss: 1.3856
2023/06/09 17:39:12 - mmengine - INFO - Epoch(val) [65][4/4]    accuracy/top1: 91.5541  accuracy/top5: 98.5360  data_time: 0.1757  time: 0.3099
2023/06/09 17:39:12 - mmengine - INFO - The previous best checkpoint /data/run01/scz0brk/openmmlab/mmpretrain/work_dir/resnet50/resnet50_1xb256_coslr-100e_fruit-30/best_accuracy_top1_epoch_60.pth is removed
2023/06/09 17:39:13 - mmengine - INFO - The best checkpoint with 91.5541 accuracy/top1 at 65 epoch is saved to best_accuracy_top1_epoch_65.pth.
2023/06/09 17:39:22 - mmengine - INFO - Exp name: resnet50_1xb256_coslr-100e_fruit-30_20230609_172618
2023/06/09 17:39:22 - mmengine - INFO - Epoch(train)  [66][14/14]  lr: 1.3650e-02  eta: 0:05:26  time: 0.5041  data_time: 0.0145  memory: 21367  loss: 1.1803
2023/06/09 17:39:23 - mmengine - INFO - Epoch(val) [66][4/4]    accuracy/top1: 91.5541  accuracy/top5: 98.5360  data_time: 0.1729  time: 0.3073
2023/06/09 17:39:33 - mmengine - INFO - Exp name: resnet50_1xb256_coslr-100e_fruit-30_20230609_172618
2023/06/09 17:39:33 - mmengine - INFO - Epoch(train)  [67][14/14]  lr: 1.2956e-02  eta: 0:05:16  time: 0.5076  data_time: 0.0175  memory: 21367  loss: 1.2931
2023/06/09 17:39:34 - mmengine - INFO - Epoch(val) [67][4/4]    accuracy/top1: 90.6532  accuracy/top5: 97.9730  data_time: 0.1736  time: 0.3079
2023/06/09 17:39:43 - mmengine - INFO - Exp name: resnet50_1xb256_coslr-100e_fruit-30_20230609_172618
2023/06/09 17:39:43 - mmengine - INFO - Epoch(train)  [68][14/14]  lr: 1.2274e-02  eta: 0:05:07  time: 0.5176  data_time: 0.0274  memory: 21367  loss: 1.3325
2023/06/09 17:39:45 - mmengine - INFO - Epoch(val) [68][4/4]    accuracy/top1: 90.5405  accuracy/top5: 98.1982  data_time: 0.1744  time: 0.3088
2023/06/09 17:39:54 - mmengine - INFO - Exp name: resnet50_1xb256_coslr-100e_fruit-30_20230609_172618
2023/06/09 17:39:54 - mmengine - INFO - Epoch(train)  [69][14/14]  lr: 1.1604e-02  eta: 0:04:57  time: 0.5233  data_time: 0.0333  memory: 21367  loss: 1.3138
2023/06/09 17:39:56 - mmengine - INFO - Epoch(val) [69][4/4]    accuracy/top1: 91.4414  accuracy/top5: 98.0856  data_time: 0.1727  time: 0.3068
2023/06/09 17:40:05 - mmengine - INFO - Exp name: resnet50_1xb256_coslr-100e_fruit-30_20230609_172618
2023/06/09 17:40:05 - mmengine - INFO - Epoch(train)  [70][14/14]  lr: 1.0948e-02  eta: 0:04:47  time: 0.5166  data_time: 0.0259  memory: 21367  loss: 1.3283
2023/06/09 17:40:07 - mmengine - INFO - Epoch(val) [70][4/4]    accuracy/top1: 90.2027  accuracy/top5: 98.6487  data_time: 0.1739  time: 0.3080
2023/06/09 17:40:16 - mmengine - INFO - Exp name: resnet50_1xb256_coslr-100e_fruit-30_20230609_172618
2023/06/09 17:40:16 - mmengine - INFO - Epoch(train)  [71][14/14]  lr: 1.0305e-02  eta: 0:04:37  time: 0.5192  data_time: 0.0284  memory: 21367  loss: 1.5210
2023/06/09 17:40:17 - mmengine - INFO - Epoch(val) [71][4/4]    accuracy/top1: 91.1036  accuracy/top5: 98.5360  data_time: 0.1718  time: 0.3061
2023/06/09 17:40:23 - mmengine - INFO - Exp name: resnet50_1xb256_coslr-100e_fruit-30_20230609_172618
2023/06/09 17:40:27 - mmengine - INFO - Exp name: resnet50_1xb256_coslr-100e_fruit-30_20230609_172618
2023/06/09 17:40:27 - mmengine - INFO - Epoch(train)  [72][14/14]  lr: 9.6773e-03  eta: 0:04:28  time: 0.5091  data_time: 0.0191  memory: 21367  loss: 1.2988
2023/06/09 17:40:28 - mmengine - INFO - Epoch(val) [72][4/4]    accuracy/top1: 92.0045  accuracy/top5: 98.4234  data_time: 0.1731  time: 0.3076
2023/06/09 17:40:28 - mmengine - INFO - The previous best checkpoint /data/run01/scz0brk/openmmlab/mmpretrain/work_dir/resnet50/resnet50_1xb256_coslr-100e_fruit-30/best_accuracy_top1_epoch_65.pth is removed
2023/06/09 17:40:29 - mmengine - INFO - The best checkpoint with 92.0045 accuracy/top1 at 72 epoch is saved to best_accuracy_top1_epoch_72.pth.
2023/06/09 17:40:38 - mmengine - INFO - Exp name: resnet50_1xb256_coslr-100e_fruit-30_20230609_172618
2023/06/09 17:40:38 - mmengine - INFO - Epoch(train)  [73][14/14]  lr: 9.0644e-03  eta: 0:04:18  time: 0.5136  data_time: 0.0240  memory: 21367  loss: 1.2566
2023/06/09 17:40:40 - mmengine - INFO - Epoch(val) [73][4/4]    accuracy/top1: 92.0045  accuracy/top5: 98.1982  data_time: 0.1740  time: 0.3089
2023/06/09 17:40:49 - mmengine - INFO - Exp name: resnet50_1xb256_coslr-100e_fruit-30_20230609_172618
2023/06/09 17:40:49 - mmengine - INFO - Epoch(train)  [74][14/14]  lr: 8.4672e-03  eta: 0:04:08  time: 0.5116  data_time: 0.0213  memory: 21367  loss: 1.3389
2023/06/09 17:40:50 - mmengine - INFO - Epoch(val) [74][4/4]    accuracy/top1: 92.2297  accuracy/top5: 98.0856  data_time: 0.1764  time: 0.3106
2023/06/09 17:40:50 - mmengine - INFO - The previous best checkpoint /data/run01/scz0brk/openmmlab/mmpretrain/work_dir/resnet50/resnet50_1xb256_coslr-100e_fruit-30/best_accuracy_top1_epoch_72.pth is removed
2023/06/09 17:40:51 - mmengine - INFO - The best checkpoint with 92.2297 accuracy/top1 at 74 epoch is saved to best_accuracy_top1_epoch_74.pth.
2023/06/09 17:41:00 - mmengine - INFO - Exp name: resnet50_1xb256_coslr-100e_fruit-30_20230609_172618
2023/06/09 17:41:00 - mmengine - INFO - Epoch(train)  [75][14/14]  lr: 7.8863e-03  eta: 0:03:59  time: 0.5076  data_time: 0.0174  memory: 21367  loss: 1.0768
2023/06/09 17:41:02 - mmengine - INFO - Epoch(val) [75][4/4]    accuracy/top1: 92.3423  accuracy/top5: 98.7613  data_time: 0.1732  time: 0.3069
2023/06/09 17:41:02 - mmengine - INFO - The previous best checkpoint /data/run01/scz0brk/openmmlab/mmpretrain/work_dir/resnet50/resnet50_1xb256_coslr-100e_fruit-30/best_accuracy_top1_epoch_74.pth is removed
2023/06/09 17:41:03 - mmengine - INFO - The best checkpoint with 92.3423 accuracy/top1 at 75 epoch is saved to best_accuracy_top1_epoch_75.pth.
2023/06/09 17:41:12 - mmengine - INFO - Exp name: resnet50_1xb256_coslr-100e_fruit-30_20230609_172618
2023/06/09 17:41:12 - mmengine - INFO - Epoch(train)  [76][14/14]  lr: 7.3223e-03  eta: 0:03:49  time: 0.5069  data_time: 0.0170  memory: 21367  loss: 1.0750
2023/06/09 17:41:13 - mmengine - INFO - Epoch(val) [76][4/4]    accuracy/top1: 92.5676  accuracy/top5: 98.5360  data_time: 0.1725  time: 0.3067
2023/06/09 17:41:13 - mmengine - INFO - The previous best checkpoint /data/run01/scz0brk/openmmlab/mmpretrain/work_dir/resnet50/resnet50_1xb256_coslr-100e_fruit-30/best_accuracy_top1_epoch_75.pth is removed
2023/06/09 17:41:14 - mmengine - INFO - The best checkpoint with 92.5676 accuracy/top1 at 76 epoch is saved to best_accuracy_top1_epoch_76.pth.
2023/06/09 17:41:23 - mmengine - INFO - Exp name: resnet50_1xb256_coslr-100e_fruit-30_20230609_172618
2023/06/09 17:41:23 - mmengine - INFO - Epoch(train)  [77][14/14]  lr: 6.7758e-03  eta: 0:03:39  time: 0.5171  data_time: 0.0262  memory: 21367  loss: 1.2367
2023/06/09 17:41:25 - mmengine - INFO - Epoch(val) [77][4/4]    accuracy/top1: 91.8919  accuracy/top5: 98.4234  data_time: 0.1741  time: 0.3083
2023/06/09 17:41:34 - mmengine - INFO - Exp name: resnet50_1xb256_coslr-100e_fruit-30_20230609_172618
2023/06/09 17:41:34 - mmengine - INFO - Epoch(train)  [78][14/14]  lr: 6.2472e-03  eta: 0:03:30  time: 0.5133  data_time: 0.0234  memory: 21367  loss: 1.0454
2023/06/09 17:41:35 - mmengine - INFO - Epoch(val) [78][4/4]    accuracy/top1: 91.5541  accuracy/top5: 98.5360  data_time: 0.1743  time: 0.3085
2023/06/09 17:41:45 - mmengine - INFO - Exp name: resnet50_1xb256_coslr-100e_fruit-30_20230609_172618
2023/06/09 17:41:45 - mmengine - INFO - Epoch(train)  [79][14/14]  lr: 5.7372e-03  eta: 0:03:20  time: 0.5058  data_time: 0.0151  memory: 21367  loss: 1.2828
2023/06/09 17:41:46 - mmengine - INFO - Epoch(val) [79][4/4]    accuracy/top1: 91.4414  accuracy/top5: 98.6487  data_time: 0.1734  time: 0.3081
2023/06/09 17:41:55 - mmengine - INFO - Exp name: resnet50_1xb256_coslr-100e_fruit-30_20230609_172618
2023/06/09 17:41:55 - mmengine - INFO - Epoch(train)  [80][14/14]  lr: 5.2461e-03  eta: 0:03:11  time: 0.5053  data_time: 0.0151  memory: 21367  loss: 1.2697
2023/06/09 17:41:57 - mmengine - INFO - Epoch(val) [80][4/4]    accuracy/top1: 92.5676  accuracy/top5: 98.0856  data_time: 0.1930  time: 0.3271
2023/06/09 17:42:06 - mmengine - INFO - Exp name: resnet50_1xb256_coslr-100e_fruit-30_20230609_172618
2023/06/09 17:42:06 - mmengine - INFO - Epoch(train)  [81][14/14]  lr: 4.7746e-03  eta: 0:03:01  time: 0.5056  data_time: 0.0158  memory: 21367  loss: 1.2178
2023/06/09 17:42:08 - mmengine - INFO - Epoch(val) [81][4/4]    accuracy/top1: 92.0045  accuracy/top5: 98.6487  data_time: 0.1739  time: 0.3080
2023/06/09 17:42:17 - mmengine - INFO - Exp name: resnet50_1xb256_coslr-100e_fruit-30_20230609_172618
2023/06/09 17:42:17 - mmengine - INFO - Epoch(train)  [82][14/14]  lr: 4.3230e-03  eta: 0:02:51  time: 0.5060  data_time: 0.0160  memory: 21367  loss: 1.3617
2023/06/09 17:42:18 - mmengine - INFO - Epoch(val) [82][4/4]    accuracy/top1: 91.6667  accuracy/top5: 98.6487  data_time: 0.1769  time: 0.3113
2023/06/09 17:42:28 - mmengine - INFO - Exp name: resnet50_1xb256_coslr-100e_fruit-30_20230609_172618
2023/06/09 17:42:28 - mmengine - INFO - Epoch(train)  [83][14/14]  lr: 3.8918e-03  eta: 0:02:42  time: 0.5102  data_time: 0.0202  memory: 21367  loss: 1.2086
2023/06/09 17:42:29 - mmengine - INFO - Epoch(val) [83][4/4]    accuracy/top1: 92.3423  accuracy/top5: 98.3108  data_time: 0.1726  time: 0.3065
2023/06/09 17:42:38 - mmengine - INFO - Exp name: resnet50_1xb256_coslr-100e_fruit-30_20230609_172618
2023/06/09 17:42:38 - mmengine - INFO - Epoch(train)  [84][14/14]  lr: 3.4814e-03  eta: 0:02:32  time: 0.5144  data_time: 0.0238  memory: 21367  loss: 1.0301
2023/06/09 17:42:40 - mmengine - INFO - Epoch(val) [84][4/4]    accuracy/top1: 92.3423  accuracy/top5: 98.3108  data_time: 0.1775  time: 0.3121
2023/06/09 17:42:49 - mmengine - INFO - Exp name: resnet50_1xb256_coslr-100e_fruit-30_20230609_172618
2023/06/09 17:42:49 - mmengine - INFO - Epoch(train)  [85][14/14]  lr: 3.0923e-03  eta: 0:02:23  time: 0.5159  data_time: 0.0249  memory: 21367  loss: 1.0526
2023/06/09 17:42:51 - mmengine - INFO - Epoch(val) [85][4/4]    accuracy/top1: 92.4550  accuracy/top5: 98.7613  data_time: 0.1729  time: 0.3071
2023/06/09 17:43:00 - mmengine - INFO - Exp name: resnet50_1xb256_coslr-100e_fruit-30_20230609_172618
2023/06/09 17:43:00 - mmengine - INFO - Epoch(train)  [86][14/14]  lr: 2.7248e-03  eta: 0:02:13  time: 0.5176  data_time: 0.0274  memory: 21367  loss: 1.1404
2023/06/09 17:43:01 - mmengine - INFO - Epoch(val) [86][4/4]    accuracy/top1: 92.5676  accuracy/top5: 98.4234  data_time: 0.1935  time: 0.3279
2023/06/09 17:43:11 - mmengine - INFO - Exp name: resnet50_1xb256_coslr-100e_fruit-30_20230609_172618
2023/06/09 17:43:11 - mmengine - INFO - Epoch(train)  [87][14/14]  lr: 2.3793e-03  eta: 0:02:03  time: 0.5066  data_time: 0.0160  memory: 21367  loss: 1.1509
2023/06/09 17:43:12 - mmengine - INFO - Epoch(val) [87][4/4]    accuracy/top1: 92.1171  accuracy/top5: 98.4234  data_time: 0.1753  time: 0.3103
2023/06/09 17:43:22 - mmengine - INFO - Exp name: resnet50_1xb256_coslr-100e_fruit-30_20230609_172618
2023/06/09 17:43:22 - mmengine - INFO - Epoch(train)  [88][14/14]  lr: 2.0561e-03  eta: 0:01:54  time: 0.5145  data_time: 0.0242  memory: 21367  loss: 1.1622
2023/06/09 17:43:23 - mmengine - INFO - Epoch(val) [88][4/4]    accuracy/top1: 92.5676  accuracy/top5: 98.6487  data_time: 0.1749  time: 0.3097
2023/06/09 17:43:32 - mmengine - INFO - Exp name: resnet50_1xb256_coslr-100e_fruit-30_20230609_172618
2023/06/09 17:43:32 - mmengine - INFO - Epoch(train)  [89][14/14]  lr: 1.7556e-03  eta: 0:01:44  time: 0.5056  data_time: 0.0159  memory: 21367  loss: 1.4099
2023/06/09 17:43:34 - mmengine - INFO - Epoch(val) [89][4/4]    accuracy/top1: 92.5676  accuracy/top5: 98.3108  data_time: 0.1721  time: 0.3064
2023/06/09 17:43:43 - mmengine - INFO - Exp name: resnet50_1xb256_coslr-100e_fruit-30_20230609_172618
2023/06/09 17:43:43 - mmengine - INFO - Epoch(train)  [90][14/14]  lr: 1.4780e-03  eta: 0:01:35  time: 0.5109  data_time: 0.0212  memory: 21367  loss: 1.0303
2023/06/09 17:43:44 - mmengine - INFO - Epoch(val) [90][4/4]    accuracy/top1: 92.6802  accuracy/top5: 98.4234  data_time: 0.1726  time: 0.3069
2023/06/09 17:43:45 - mmengine - INFO - The previous best checkpoint /data/run01/scz0brk/openmmlab/mmpretrain/work_dir/resnet50/resnet50_1xb256_coslr-100e_fruit-30/best_accuracy_top1_epoch_76.pth is removed
2023/06/09 17:43:45 - mmengine - INFO - The best checkpoint with 92.6802 accuracy/top1 at 90 epoch is saved to best_accuracy_top1_epoch_90.pth.
2023/06/09 17:43:54 - mmengine - INFO - Exp name: resnet50_1xb256_coslr-100e_fruit-30_20230609_172618
2023/06/09 17:43:54 - mmengine - INFO - Epoch(train)  [91][14/14]  lr: 1.2236e-03  eta: 0:01:25  time: 0.5171  data_time: 0.0162  memory: 21367  loss: 0.9848
2023/06/09 17:43:56 - mmengine - INFO - Epoch(val) [91][4/4]    accuracy/top1: 92.7928  accuracy/top5: 98.5360  data_time: 0.1732  time: 0.3081
2023/06/09 17:43:56 - mmengine - INFO - The previous best checkpoint /data/run01/scz0brk/openmmlab/mmpretrain/work_dir/resnet50/resnet50_1xb256_coslr-100e_fruit-30/best_accuracy_top1_epoch_90.pth is removed
2023/06/09 17:43:56 - mmengine - INFO - The best checkpoint with 92.7928 accuracy/top1 at 91 epoch is saved to best_accuracy_top1_epoch_91.pth.
2023/06/09 17:44:06 - mmengine - INFO - Exp name: resnet50_1xb256_coslr-100e_fruit-30_20230609_172618
2023/06/09 17:44:06 - mmengine - INFO - Epoch(train)  [92][14/14]  lr: 9.9266e-04  eta: 0:01:16  time: 0.5076  data_time: 0.0177  memory: 21367  loss: 1.1395
2023/06/09 17:44:07 - mmengine - INFO - Epoch(val) [92][4/4]    accuracy/top1: 92.5676  accuracy/top5: 98.6487  data_time: 0.1731  time: 0.3080
2023/06/09 17:44:16 - mmengine - INFO - Exp name: resnet50_1xb256_coslr-100e_fruit-30_20230609_172618
2023/06/09 17:44:16 - mmengine - INFO - Epoch(train)  [93][14/14]  lr: 7.8542e-04  eta: 0:01:06  time: 0.5173  data_time: 0.0269  memory: 21367  loss: 1.4341
2023/06/09 17:44:18 - mmengine - INFO - Epoch(val) [93][4/4]    accuracy/top1: 92.3423  accuracy/top5: 98.5360  data_time: 0.1746  time: 0.3089
2023/06/09 17:44:27 - mmengine - INFO - Exp name: resnet50_1xb256_coslr-100e_fruit-30_20230609_172618
2023/06/09 17:44:27 - mmengine - INFO - Epoch(train)  [94][14/14]  lr: 6.0208e-04  eta: 0:00:57  time: 0.5115  data_time: 0.0214  memory: 21367  loss: 1.0238
2023/06/09 17:44:29 - mmengine - INFO - Epoch(val) [94][4/4]    accuracy/top1: 92.9054  accuracy/top5: 98.6487  data_time: 0.1743  time: 0.3092
2023/06/09 17:44:29 - mmengine - INFO - The previous best checkpoint /data/run01/scz0brk/openmmlab/mmpretrain/work_dir/resnet50/resnet50_1xb256_coslr-100e_fruit-30/best_accuracy_top1_epoch_91.pth is removed
2023/06/09 17:44:29 - mmengine - INFO - The best checkpoint with 92.9054 accuracy/top1 at 94 epoch is saved to best_accuracy_top1_epoch_94.pth.
2023/06/09 17:44:39 - mmengine - INFO - Exp name: resnet50_1xb256_coslr-100e_fruit-30_20230609_172618
2023/06/09 17:44:39 - mmengine - INFO - Epoch(train)  [95][14/14]  lr: 4.4282e-04  eta: 0:00:47  time: 0.5073  data_time: 0.0175  memory: 21367  loss: 1.0929
2023/06/09 17:44:40 - mmengine - INFO - Epoch(val) [95][4/4]    accuracy/top1: 92.6802  accuracy/top5: 98.5360  data_time: 0.1725  time: 0.3068
2023/06/09 17:44:49 - mmengine - INFO - Exp name: resnet50_1xb256_coslr-100e_fruit-30_20230609_172618
2023/06/09 17:44:49 - mmengine - INFO - Epoch(train)  [96][14/14]  lr: 3.0779e-04  eta: 0:00:38  time: 0.5111  data_time: 0.0210  memory: 21367  loss: 1.3999
2023/06/09 17:44:51 - mmengine - INFO - Epoch(val) [96][4/4]    accuracy/top1: 92.4550  accuracy/top5: 98.5360  data_time: 0.1713  time: 0.3056
2023/06/09 17:45:00 - mmengine - INFO - Exp name: resnet50_1xb256_coslr-100e_fruit-30_20230609_172618
2023/06/09 17:45:00 - mmengine - INFO - Epoch(train)  [97][14/14]  lr: 1.9713e-04  eta: 0:00:28  time: 0.5139  data_time: 0.0239  memory: 21367  loss: 1.4181
2023/06/09 17:45:01 - mmengine - INFO - Epoch(val) [97][4/4]    accuracy/top1: 92.5676  accuracy/top5: 98.3108  data_time: 0.1763  time: 0.3103
2023/06/09 17:45:11 - mmengine - INFO - Exp name: resnet50_1xb256_coslr-100e_fruit-30_20230609_172618
2023/06/09 17:45:11 - mmengine - INFO - Epoch(train)  [98][14/14]  lr: 1.1095e-04  eta: 0:00:19  time: 0.5081  data_time: 0.0180  memory: 21367  loss: 1.1019
2023/06/09 17:45:12 - mmengine - INFO - Epoch(val) [98][4/4]    accuracy/top1: 92.5676  accuracy/top5: 98.4234  data_time: 0.1732  time: 0.3069
2023/06/09 17:45:21 - mmengine - INFO - Exp name: resnet50_1xb256_coslr-100e_fruit-30_20230609_172618
2023/06/09 17:45:21 - mmengine - INFO - Epoch(train)  [99][14/14]  lr: 4.9332e-05  eta: 0:00:09  time: 0.5155  data_time: 0.0252  memory: 21367  loss: 1.5063
2023/06/09 17:45:23 - mmengine - INFO - Epoch(val) [99][4/4]    accuracy/top1: 92.5676  accuracy/top5: 98.4234  data_time: 0.1726  time: 0.3066
2023/06/09 17:45:32 - mmengine - INFO - Exp name: resnet50_1xb256_coslr-100e_fruit-30_20230609_172618
2023/06/09 17:45:32 - mmengine - INFO - Epoch(train) [100][14/14]  lr: 1.2336e-05  eta: 0:00:00  time: 0.5162  data_time: 0.0256  memory: 21367  loss: 1.1287
2023/06/09 17:45:32 - mmengine - INFO - Saving checkpoint at 100 epochs
2023/06/09 17:45:35 - mmengine - INFO - Epoch(val) [100][4/4]    accuracy/top1: 92.5676  accuracy/top5: 98.5360  data_time: 0.1746  time: 0.3093
